! 1 Hamiltonian Matrix (8x8, complex)
8 8
-3.996231073E+002  0.000000000E+000  0.000000000E+000  0.000000000E+000  0.000000000E+000  0.000000000E+000  0.000000000E+000  0.000000000E+000  0.000000000E+000  0.000000000E+000  0.000000000E+000  0.000000000E+000  0.000000000E+000  0.000000000E+000  0.000000000E+000  0.000000000E+000 
 0.000000000E+000  0.000000000E+000 -3.994381773E+002  0.000000000E+000  0.000000000E+000  0.000000000E+000  0.000000000E+000  0.000000000E+000  0.000000000E+000  0.000000000E+000  0.000000000E+000  0.000000000E+000  0.000000000E+000  0.000000000E+000  0.000000000E+000  0.000000000E+000 
 0.000000000E+000  0.000000000E+000  0.000000000E+000  0.000000000E+000 -3.994067363E+002  0.000000000E+000  0.000000000E+000  0.000000000E+000  0.000000000E+000  0.000000000E+000  0.000000000E+000  0.000000000E+000  0.000000000E+000  0.000000000E+000  0.000000000E+000  0.000000000E+000 
 0.000000000E+000  0.000000000E+000  0.000000000E+000  0.000000000E+000  0.000000000E+000  0.000000000E+000 -3.992843245E+002  0.000000000E+000  0.000000000E+000  0.000000000E+000  0.000000000E+000  0.000000000E+000  0.000000000E+000  0.000000000E+000  0.000000000E+000  0.000000000E+000 
 0.000000000E+000  0.000000000E+000  0.000000000E+000  0.000000000E+000  0.000000000E+000  0.000000000E+000  0.000000000E+000  0.000000000E+000 -3.993003002E+002  0.000000000E+000  0.000000000E+000 -3.189434500E-008  0.000000000E+000 -0.000000000E+000 -7.062000307E-004  0.000000000E+000 
 0.000000000E+000  0.000000000E+000  0.000000000E+000  0.000000000E+000  0.000000000E+000  0.000000000E+000  0.000000000E+000  0.000000000E+000  0.000000000E+000  3.189434500E-008 -3.991686538E+002  0.000000000E+000  7.062000307E-004  0.000000000E+000 -0.000000000E+000  0.000000000E+000 
 0.000000000E+000  0.000000000E+000  0.000000000E+000  0.000000000E+000  0.000000000E+000  0.000000000E+000  0.000000000E+000  0.000000000E+000 -0.000000000E+000  0.000000000E+000  7.062000307E-004  0.000000000E+000 -3.993003002E+002  0.000000000E+000  0.000000000E+000  3.189434500E-008 
 0.000000000E+000  0.000000000E+000  0.000000000E+000  0.000000000E+000  0.000000000E+000  0.000000000E+000  0.000000000E+000  0.000000000E+000 -7.062000307E-004 -0.000000000E+000  0.000000000E+000 -0.000000000E+000  0.000000000E+000 -3.189434500E-008 -3.991686538E+002  0.000000000E+000 

! 2 Dipole Moment Matrices (3x8x8, complex)
8 8
-3.869517490E-011  0.000000000E+000  1.392635200E-003  0.000000000E+000  3.760461490E-002  0.000000000E+000  2.578021730E-011  0.000000000E+000  0.000000000E+000  0.000000000E+000  0.000000000E+000  0.000000000E+000  0.000000000E+000  0.000000000E+000  0.000000000E+000  0.000000000E+000 
 1.392635200E-003  0.000000000E+000  6.099343130E-011  0.000000000E+000  6.635935640E-011  0.000000000E+000  1.231227150E-001  0.000000000E+000  0.000000000E+000  0.000000000E+000  0.000000000E+000  0.000000000E+000  0.000000000E+000  0.000000000E+000  0.000000000E+000  0.000000000E+000 
 3.760461490E-002  0.000000000E+000  6.635935640E-011  0.000000000E+000  3.274015870E-011  0.000000000E+000 -1.991076870E-001  0.000000000E+000  0.000000000E+000  0.000000000E+000  0.000000000E+000  0.000000000E+000  0.000000000E+000  0.000000000E+000  0.000000000E+000  0.000000000E+000 
 2.578021730E-011  0.000000000E+000  1.231227150E-001  0.000000000E+000 -1.991076870E-001  0.000000000E+000 -2.302571230E-011  0.000000000E+000  0.000000000E+000  0.000000000E+000  0.000000000E+000  0.000000000E+000  0.000000000E+000  0.000000000E+000  0.000000000E+000  0.000000000E+000 
 0.000000000E+000  0.000000000E+000  0.000000000E+000  0.000000000E+000  0.000000000E+000  0.000000000E+000  0.000000000E+000  0.000000000E+000  1.849148080E-014  0.000000000E+000  3.106712060E-001  0.000000000E+000  0.000000000E+000  0.000000000E+000  0.000000000E+000  0.000000000E+000 
 0.000000000E+000  0.000000000E+000  0.000000000E+000  0.000000000E+000  0.000000000E+000  0.000000000E+000  0.000000000E+000  0.000000000E+000  3.106712060E-001  0.000000000E+000  4.560856010E-014  0.000000000E+000  0.000000000E+000  0.000000000E+000  0.000000000E+000  0.000000000E+000 
 0.000000000E+000  0.000000000E+000  0.000000000E+000  0.000000000E+000  0.000000000E+000  0.000000000E+000  0.000000000E+000  0.000000000E+000  0.000000000E+000  0.000000000E+000  0.000000000E+000  0.000000000E+000  1.849148080E-014  0.000000000E+000  3.106712060E-001  0.000000000E+000 
 0.000000000E+000  0.000000000E+000  0.000000000E+000  0.000000000E+000  0.000000000E+000  0.000000000E+000  0.000000000E+000  0.000000000E+000  0.000000000E+000  0.000000000E+000  0.000000000E+000  0.000000000E+000  3.106712060E-001  0.000000000E+000  4.560856010E-014  0.000000000E+000 
8 8
 1.611476020E-002  0.000000000E+000 -4.634380320E-011  0.000000000E+000 -7.262213110E-011  0.000000000E+000  8.814303320E-002  0.000000000E+000  0.000000000E+000  0.000000000E+000  0.000000000E+000  0.000000000E+000  0.000000000E+000  0.000000000E+000  0.000000000E+000  0.000000000E+000 
-4.634380320E-011  0.000000000E+000  1.598586320E-001  0.000000000E+000 -5.459783810E-001  0.000000000E+000 -2.464325960E-011  0.000000000E+000  0.000000000E+000  0.000000000E+000  0.000000000E+000  0.000000000E+000  0.000000000E+000  0.000000000E+000  0.000000000E+000  0.000000000E+000 
-7.262213110E-011  0.000000000E+000 -5.459783810E-001  0.000000000E+000 -6.236849020E-002  0.000000000E+000  3.356943820E-011  0.000000000E+000  0.000000000E+000  0.000000000E+000  0.000000000E+000  0.000000000E+000  0.000000000E+000  0.000000000E+000  0.000000000E+000  0.000000000E+000 
 8.814303320E-002  0.000000000E+000 -2.464325960E-011  0.000000000E+000  3.356943820E-011  0.000000000E+000  7.554053280E-001  0.000000000E+000  0.000000000E+000  0.000000000E+000  0.000000000E+000  0.000000000E+000  0.000000000E+000  0.000000000E+000  0.000000000E+000  0.000000000E+000 
 0.000000000E+000  0.000000000E+000  0.000000000E+000  0.000000000E+000  0.000000000E+000  0.000000000E+000  0.000000000E+000  0.000000000E+000 -3.377384510E-006  0.000000000E+000  1.535684090E-013  0.000000000E+000  0.000000000E+000  0.000000000E+000  0.000000000E+000  0.000000000E+000 
 0.000000000E+000  0.000000000E+000  0.000000000E+000  0.000000000E+000  0.000000000E+000  0.000000000E+000  0.000000000E+000  0.000000000E+000  1.535684090E-013  0.000000000E+000 -3.635605240E-005  0.000000000E+000  0.000000000E+000  0.000000000E+000  0.000000000E+000  0.000000000E+000 
 0.000000000E+000  0.000000000E+000  0.000000000E+000  0.000000000E+000  0.000000000E+000  0.000000000E+000  0.000000000E+000  0.000000000E+000  0.000000000E+000  0.000000000E+000  0.000000000E+000  0.000000000E+000 -3.377384510E-006  0.000000000E+000  1.535684090E-013  0.000000000E+000 
 0.000000000E+000  0.000000000E+000  0.000000000E+000  0.000000000E+000  0.000000000E+000  0.000000000E+000  0.000000000E+000  0.000000000E+000  0.000000000E+000  0.000000000E+000  0.000000000E+000  0.000000000E+000  1.535684090E-013  0.000000000E+000 -3.635605240E-005  0.000000000E+000 
8 8
 3.708613900E-001  0.000000000E+000 -5.358555810E-011  0.000000000E+000 -6.378344120E-011  0.000000000E+000 -2.248953530E-001  0.000000000E+000  0.000000000E+000  0.000000000E+000  0.000000000E+000  0.000000000E+000  0.000000000E+000  0.000000000E+000  0.000000000E+000  0.000000000E+000 
-5.358555810E-011  0.000000000E+000  3.656654570E-002  0.000000000E+000  8.605428290E-002  0.000000000E+000  3.445658670E-012  0.000000000E+000  0.000000000E+000  0.000000000E+000  0.000000000E+000  0.000000000E+000  0.000000000E+000  0.000000000E+000  0.000000000E+000  0.000000000E+000 
-6.378344120E-011  0.000000000E+000  8.605428290E-002  0.000000000E+000 -3.927224010E-001  0.000000000E+000  2.231674010E-011  0.000000000E+000  0.000000000E+000  0.000000000E+000  0.000000000E+000  0.000000000E+000  0.000000000E+000  0.000000000E+000  0.000000000E+000  0.000000000E+000 
-2.248953530E-001  0.000000000E+000  3.445658670E-012  0.000000000E+000  2.231674010E-011  0.000000000E+000 -8.874539480E-002  0.000000000E+000  0.000000000E+000  0.000000000E+000  0.000000000E+000  0.000000000E+000  0.000000000E+000  0.000000000E+000  0.000000000E+000  0.000000000E+000 
 0.000000000E+000  0.000000000E+000  0.000000000E+000  0.000000000E+000  0.000000000E+000  0.000000000E+000  0.000000000E+000  0.000000000E+000  1.023515610E+000  0.000000000E+000 -4.284009790E-014  0.000000000E+000  0.000000000E+000  0.000000000E+000  0.000000000E+000  0.000000000E+000 
 0.000000000E+000  0.000000000E+000  0.000000000E+000  0.000000000E+000  0.000000000E+000  0.000000000E+000  0.000000000E+000  0.000000000E+000 -4.284009790E-014  0.000000000E+000  1.014841640E+000  0.000000000E+000  0.000000000E+000  0.000000000E+000  0.000000000E+000  0.000000000E+000 
 0.000000000E+000  0.000000000E+000  0.000000000E+000  0.000000000E+000  0.000000000E+000  0.000000000E+000  0.000000000E+000  0.000000000E+000  0.000000000E+000  0.000000000E+000  0.000000000E+000  0.000000000E+000  1.023515610E+000  0.000000000E+000 -4.284009790E-014  0.000000000E+000 
 0.000000000E+000  0.000000000E+000  0.000000000E+000  0.000000000E+000  0.000000000E+000  0.000000000E+000  0.000000000E+000  0.000000000E+000  0.000000000E+000  0.000000000E+000  0.000000000E+000  0.000000000E+000 -4.284009790E-014  0.000000000E+000  1.014841640E+000  0.000000000E+000 
! 3 Gradient Vectors (8x3x3, real)
3 3 ! 1 1 0
-0.000000000E+000  3.968832231E-007 -7.557179750E-002 
-0.000000000E+000  1.888487942E-002  3.897734124E-002 
-0.000000000E+000 -1.687215390E-002  3.636955595E-002 
3 3 ! 1 2 0
-0.000000000E+000  6.614712865E-007  4.025517191E-002 
-0.000000000E+000 -2.649854888E-004 -5.852038482E-003 
-0.000000000E+000  2.362405823E-002 -3.391946546E-002 
3 3 ! 1 3 0
-0.000000000E+000 -1.852120204E-006  2.410547720E-002 
-0.000000000E+000 -3.864462107E-002 -3.279985877E-002 
-0.000000000E+000  3.918292659E-003  1.037716511E-002 
3 3 ! 1 4 0
-0.000000000E+000 -5.312224809E-002  7.273130653E-002 
-0.000000000E+000 -1.157932344E-002 -2.302582339E-003 
-0.000000000E+000  6.825526109E-002 -7.197154035E-002 
3 3 ! 2 1 0
-0.000000000E+000 -0.000000000E+000 -8.209456810E-002 
-0.000000000E+000  1.851948256E-002  4.104867314E-002 
-0.000000000E+000 -1.851948256E-002  4.104867314E-002 
3 3 ! 2 2 0
-0.000000000E+000 -0.000000000E+000 -1.001367328E-001 
-0.000000000E+000 -1.110570983E-002  4.993250016E-002 
-0.000000000E+000  1.110570983E-002  4.993250016E-002 
3 3 ! 2 1 0
-0.000000000E+000 -0.000000000E+000 -8.209456810E-002 
-0.000000000E+000  1.851948256E-002  4.104867314E-002 
-0.000000000E+000 -1.851948256E-002  4.104867314E-002 
3 3 ! 2 2 0
-0.000000000E+000 -0.000000000E+000 -1.001367328E-001 
-0.000000000E+000 -1.110570983E-002  4.993250016E-002 
-0.000000000E+000  1.110570983E-002  4.993250016E-002 
! 13 Spin-Orbit coupling derivatives (8x8x3x3x3, complex)
3 3 ! m1 1 s1 1 ms1 0   m2 1 s2 1 ms2 0
 0.000000000000E+000  0.000000000000E+000  0.000000000000E+000  0.000000000000E+000  0.000000000000E+000  0.000000000000E+000  0.000000000000E+000  0.000000000000E+000  0.000000000000E+000  0.000000000000E+000  0.000000000000E+000  0.000000000000E+000  0.000000000000E+000  0.000000000000E+000  0.000000000000E+000  0.000000000000E+000  0.000000000000E+000  0.000000000000E+000 
3 3 ! m1 1 s1 1 ms1 0   m2 1 s2 2 ms2 0
-0.000000000000E+000 -0.000000000000E+000 -0.000000000000E+000 -0.000000000000E+000 -0.000000000000E+000 -0.000000000000E+000 -0.000000000000E+000 -0.000000000000E+000 -0.000000000000E+000 -0.000000000000E+000 -0.000000000000E+000 -0.000000000000E+000 -0.000000000000E+000 -0.000000000000E+000 -0.000000000000E+000 -0.000000000000E+000 -0.000000000000E+000 -0.000000000000E+000 
3 3 ! m1 1 s1 1 ms1 0   m2 1 s2 3 ms2 0
-0.000000000000E+000 -0.000000000000E+000 -0.000000000000E+000 -0.000000000000E+000 -0.000000000000E+000 -0.000000000000E+000 -0.000000000000E+000 -0.000000000000E+000 -0.000000000000E+000 -0.000000000000E+000 -0.000000000000E+000 -0.000000000000E+000 -0.000000000000E+000 -0.000000000000E+000 -0.000000000000E+000 -0.000000000000E+000 -0.000000000000E+000 -0.000000000000E+000 
3 3 ! m1 1 s1 1 ms1 0   m2 1 s2 4 ms2 0
-0.000000000000E+000 -0.000000000000E+000 -0.000000000000E+000 -0.000000000000E+000 -0.000000000000E+000 -0.000000000000E+000 -0.000000000000E+000 -0.000000000000E+000 -0.000000000000E+000 -0.000000000000E+000 -0.000000000000E+000 -0.000000000000E+000 -0.000000000000E+000 -0.000000000000E+000 -0.000000000000E+000 -0.000000000000E+000 -0.000000000000E+000 -0.000000000000E+000 
3 3 ! m1 1 s1 1 ms1 0   m2 2 s2 1 ms2 0
-0.000000000000E+000 -0.000000000000E+000 -0.000000000000E+000 -0.000000000000E+000 -0.000000000000E+000 -0.000000000000E+000 -0.000000000000E+000 -0.000000000000E+000 -0.000000000000E+000 -0.000000000000E+000 -0.000000000000E+000 -0.000000000000E+000 -0.000000000000E+000 -0.000000000000E+000 -0.000000000000E+000 -0.000000000000E+000 -0.000000000000E+000 -0.000000000000E+000 
3 3 ! m1 1 s1 1 ms1 0   m2 2 s2 2 ms2 0
-0.000000000000E+000 -0.000000000000E+000 -0.000000000000E+000 -0.000000000000E+000 -0.000000000000E+000 -0.000000000000E+000 -0.000000000000E+000 -0.000000000000E+000 -0.000000000000E+000 -0.000000000000E+000 -0.000000000000E+000 -0.000000000000E+000 -0.000000000000E+000 -0.000000000000E+000 -0.000000000000E+000 -0.000000000000E+000 -0.000000000000E+000 -0.000000000000E+000 
3 3 ! m1 1 s1 1 ms1 0   m2 2 s2 1 ms2 0
-0.000000000000E+000 -0.000000000000E+000 -0.000000000000E+000 -0.000000000000E+000 -0.000000000000E+000 -0.000000000000E+000 -0.000000000000E+000 -0.000000000000E+000 -0.000000000000E+000 -0.000000000000E+000 -0.000000000000E+000 -0.000000000000E+000 -0.000000000000E+000 -0.000000000000E+000 -0.000000000000E+000 -0.000000000000E+000 -0.000000000000E+000 -0.000000000000E+000 
3 3 ! m1 1 s1 1 ms1 0   m2 2 s2 2 ms2 0
-0.000000000000E+000 -0.000000000000E+000 -0.000000000000E+000 -0.000000000000E+000 -0.000000000000E+000 -0.000000000000E+000 -0.000000000000E+000 -0.000000000000E+000 -0.000000000000E+000 -0.000000000000E+000 -0.000000000000E+000 -0.000000000000E+000 -0.000000000000E+000 -0.000000000000E+000 -0.000000000000E+000 -0.000000000000E+000 -0.000000000000E+000 -0.000000000000E+000 
3 3 ! m1 1 s1 2 ms1 0   m2 1 s2 1 ms2 0
-0.000000000000E+000 -0.000000000000E+000 -0.000000000000E+000 -0.000000000000E+000 -0.000000000000E+000 -0.000000000000E+000 -0.000000000000E+000 -0.000000000000E+000 -0.000000000000E+000 -0.000000000000E+000 -0.000000000000E+000 -0.000000000000E+000 -0.000000000000E+000 -0.000000000000E+000 -0.000000000000E+000 -0.000000000000E+000 -0.000000000000E+000 -0.000000000000E+000 
3 3 ! m1 1 s1 2 ms1 0   m2 1 s2 2 ms2 0
 0.000000000000E+000  0.000000000000E+000  0.000000000000E+000  0.000000000000E+000  0.000000000000E+000  0.000000000000E+000  0.000000000000E+000  0.000000000000E+000  0.000000000000E+000  0.000000000000E+000  0.000000000000E+000  0.000000000000E+000  0.000000000000E+000  0.000000000000E+000  0.000000000000E+000  0.000000000000E+000  0.000000000000E+000  0.000000000000E+000 
3 3 ! m1 1 s1 2 ms1 0   m2 1 s2 3 ms2 0
-0.000000000000E+000 -0.000000000000E+000 -0.000000000000E+000 -0.000000000000E+000 -0.000000000000E+000 -0.000000000000E+000 -0.000000000000E+000 -0.000000000000E+000 -0.000000000000E+000 -0.000000000000E+000 -0.000000000000E+000 -0.000000000000E+000 -0.000000000000E+000 -0.000000000000E+000 -0.000000000000E+000 -0.000000000000E+000 -0.000000000000E+000 -0.000000000000E+000 
3 3 ! m1 1 s1 2 ms1 0   m2 1 s2 4 ms2 0
-0.000000000000E+000 -0.000000000000E+000 -0.000000000000E+000 -0.000000000000E+000 -0.000000000000E+000 -0.000000000000E+000 -0.000000000000E+000 -0.000000000000E+000 -0.000000000000E+000 -0.000000000000E+000 -0.000000000000E+000 -0.000000000000E+000 -0.000000000000E+000 -0.000000000000E+000 -0.000000000000E+000 -0.000000000000E+000 -0.000000000000E+000 -0.000000000000E+000 
3 3 ! m1 1 s1 2 ms1 0   m2 2 s2 1 ms2 0
-0.000000000000E+000 -0.000000000000E+000 -0.000000000000E+000 -0.000000000000E+000 -0.000000000000E+000 -0.000000000000E+000 -0.000000000000E+000 -0.000000000000E+000 -0.000000000000E+000 -0.000000000000E+000 -0.000000000000E+000 -0.000000000000E+000 -0.000000000000E+000 -0.000000000000E+000 -0.000000000000E+000 -0.000000000000E+000 -0.000000000000E+000 -0.000000000000E+000 
3 3 ! m1 1 s1 2 ms1 0   m2 2 s2 2 ms2 0
-0.000000000000E+000 -0.000000000000E+000 -0.000000000000E+000 -0.000000000000E+000 -0.000000000000E+000 -0.000000000000E+000 -0.000000000000E+000 -0.000000000000E+000 -0.000000000000E+000 -0.000000000000E+000 -0.000000000000E+000 -0.000000000000E+000 -0.000000000000E+000 -0.000000000000E+000 -0.000000000000E+000 -0.000000000000E+000 -0.000000000000E+000 -0.000000000000E+000 
3 3 ! m1 1 s1 2 ms1 0   m2 2 s2 1 ms2 0
-0.000000000000E+000 -0.000000000000E+000 -0.000000000000E+000 -0.000000000000E+000 -0.000000000000E+000 -0.000000000000E+000 -0.000000000000E+000 -0.000000000000E+000 -0.000000000000E+000 -0.000000000000E+000 -0.000000000000E+000 -0.000000000000E+000 -0.000000000000E+000 -0.000000000000E+000 -0.000000000000E+000 -0.000000000000E+000 -0.000000000000E+000 -0.000000000000E+000 
3 3 ! m1 1 s1 2 ms1 0   m2 2 s2 2 ms2 0
-0.000000000000E+000 -0.000000000000E+000 -0.000000000000E+000 -0.000000000000E+000 -0.000000000000E+000 -0.000000000000E+000 -0.000000000000E+000 -0.000000000000E+000 -0.000000000000E+000 -0.000000000000E+000 -0.000000000000E+000 -0.000000000000E+000 -0.000000000000E+000 -0.000000000000E+000 -0.000000000000E+000 -0.000000000000E+000 -0.000000000000E+000 -0.000000000000E+000 
3 3 ! m1 1 s1 3 ms1 0   m2 1 s2 1 ms2 0
-0.000000000000E+000 -0.000000000000E+000 -0.000000000000E+000 -0.000000000000E+000 -0.000000000000E+000 -0.000000000000E+000 -0.000000000000E+000 -0.000000000000E+000 -0.000000000000E+000 -0.000000000000E+000 -0.000000000000E+000 -0.000000000000E+000 -0.000000000000E+000 -0.000000000000E+000 -0.000000000000E+000 -0.000000000000E+000 -0.000000000000E+000 -0.000000000000E+000 
3 3 ! m1 1 s1 3 ms1 0   m2 1 s2 2 ms2 0
-0.000000000000E+000 -0.000000000000E+000 -0.000000000000E+000 -0.000000000000E+000 -0.000000000000E+000 -0.000000000000E+000 -0.000000000000E+000 -0.000000000000E+000 -0.000000000000E+000 -0.000000000000E+000 -0.000000000000E+000 -0.000000000000E+000 -0.000000000000E+000 -0.000000000000E+000 -0.000000000000E+000 -0.000000000000E+000 -0.000000000000E+000 -0.000000000000E+000 
3 3 ! m1 1 s1 3 ms1 0   m2 1 s2 3 ms2 0
 0.000000000000E+000  0.000000000000E+000  0.000000000000E+000  0.000000000000E+000  0.000000000000E+000  0.000000000000E+000  0.000000000000E+000  0.000000000000E+000  0.000000000000E+000  0.000000000000E+000  0.000000000000E+000  0.000000000000E+000  0.000000000000E+000  0.000000000000E+000  0.000000000000E+000  0.000000000000E+000  0.000000000000E+000  0.000000000000E+000 
3 3 ! m1 1 s1 3 ms1 0   m2 1 s2 4 ms2 0
-0.000000000000E+000 -0.000000000000E+000 -0.000000000000E+000 -0.000000000000E+000 -0.000000000000E+000 -0.000000000000E+000 -0.000000000000E+000 -0.000000000000E+000 -0.000000000000E+000 -0.000000000000E+000 -0.000000000000E+000 -0.000000000000E+000 -0.000000000000E+000 -0.000000000000E+000 -0.000000000000E+000 -0.000000000000E+000 -0.000000000000E+000 -0.000000000000E+000 
3 3 ! m1 1 s1 3 ms1 0   m2 2 s2 1 ms2 0
-0.000000000000E+000 -0.000000000000E+000 -0.000000000000E+000 -0.000000000000E+000 -0.000000000000E+000 -0.000000000000E+000 -0.000000000000E+000 -0.000000000000E+000 -0.000000000000E+000 -0.000000000000E+000 -0.000000000000E+000 -0.000000000000E+000 -0.000000000000E+000 -0.000000000000E+000 -0.000000000000E+000 -0.000000000000E+000 -0.000000000000E+000 -0.000000000000E+000 
3 3 ! m1 1 s1 3 ms1 0   m2 2 s2 2 ms2 0
-0.000000000000E+000 -0.000000000000E+000 -0.000000000000E+000 -0.000000000000E+000 -0.000000000000E+000 -0.000000000000E+000 -0.000000000000E+000 -0.000000000000E+000 -0.000000000000E+000 -0.000000000000E+000 -0.000000000000E+000 -0.000000000000E+000 -0.000000000000E+000 -0.000000000000E+000 -0.000000000000E+000 -0.000000000000E+000 -0.000000000000E+000 -0.000000000000E+000 
3 3 ! m1 1 s1 3 ms1 0   m2 2 s2 1 ms2 0
-0.000000000000E+000 -0.000000000000E+000 -0.000000000000E+000 -0.000000000000E+000 -0.000000000000E+000 -0.000000000000E+000 -0.000000000000E+000 -0.000000000000E+000 -0.000000000000E+000 -0.000000000000E+000 -0.000000000000E+000 -0.000000000000E+000 -0.000000000000E+000 -0.000000000000E+000 -0.000000000000E+000 -0.000000000000E+000 -0.000000000000E+000 -0.000000000000E+000 
3 3 ! m1 1 s1 3 ms1 0   m2 2 s2 2 ms2 0
-0.000000000000E+000 -0.000000000000E+000 -0.000000000000E+000 -0.000000000000E+000 -0.000000000000E+000 -0.000000000000E+000 -0.000000000000E+000 -0.000000000000E+000 -0.000000000000E+000 -0.000000000000E+000 -0.000000000000E+000 -0.000000000000E+000 -0.000000000000E+000 -0.000000000000E+000 -0.000000000000E+000 -0.000000000000E+000 -0.000000000000E+000 -0.000000000000E+000 
3 3 ! m1 1 s1 4 ms1 0   m2 1 s2 1 ms2 0
-0.000000000000E+000 -0.000000000000E+000 -0.000000000000E+000 -0.000000000000E+000 -0.000000000000E+000 -0.000000000000E+000 -0.000000000000E+000 -0.000000000000E+000 -0.000000000000E+000 -0.000000000000E+000 -0.000000000000E+000 -0.000000000000E+000 -0.000000000000E+000 -0.000000000000E+000 -0.000000000000E+000 -0.000000000000E+000 -0.000000000000E+000 -0.000000000000E+000 
3 3 ! m1 1 s1 4 ms1 0   m2 1 s2 2 ms2 0
-0.000000000000E+000 -0.000000000000E+000 -0.000000000000E+000 -0.000000000000E+000 -0.000000000000E+000 -0.000000000000E+000 -0.000000000000E+000 -0.000000000000E+000 -0.000000000000E+000 -0.000000000000E+000 -0.000000000000E+000 -0.000000000000E+000 -0.000000000000E+000 -0.000000000000E+000 -0.000000000000E+000 -0.000000000000E+000 -0.000000000000E+000 -0.000000000000E+000 
3 3 ! m1 1 s1 4 ms1 0   m2 1 s2 3 ms2 0
-0.000000000000E+000 -0.000000000000E+000 -0.000000000000E+000 -0.000000000000E+000 -0.000000000000E+000 -0.000000000000E+000 -0.000000000000E+000 -0.000000000000E+000 -0.000000000000E+000 -0.000000000000E+000 -0.000000000000E+000 -0.000000000000E+000 -0.000000000000E+000 -0.000000000000E+000 -0.000000000000E+000 -0.000000000000E+000 -0.000000000000E+000 -0.000000000000E+000 
3 3 ! m1 1 s1 4 ms1 0   m2 1 s2 4 ms2 0
 0.000000000000E+000  0.000000000000E+000  0.000000000000E+000  0.000000000000E+000  0.000000000000E+000  0.000000000000E+000  0.000000000000E+000  0.000000000000E+000  0.000000000000E+000  0.000000000000E+000  0.000000000000E+000  0.000000000000E+000  0.000000000000E+000  0.000000000000E+000  0.000000000000E+000  0.000000000000E+000  0.000000000000E+000  0.000000000000E+000 
3 3 ! m1 1 s1 4 ms1 0   m2 2 s2 1 ms2 0
-0.000000000000E+000 -0.000000000000E+000 -0.000000000000E+000 -0.000000000000E+000 -0.000000000000E+000 -0.000000000000E+000 -0.000000000000E+000 -0.000000000000E+000 -0.000000000000E+000 -0.000000000000E+000 -0.000000000000E+000 -0.000000000000E+000 -0.000000000000E+000 -0.000000000000E+000 -0.000000000000E+000 -0.000000000000E+000 -0.000000000000E+000 -0.000000000000E+000 
3 3 ! m1 1 s1 4 ms1 0   m2 2 s2 2 ms2 0
-0.000000000000E+000 -0.000000000000E+000 -0.000000000000E+000 -0.000000000000E+000 -0.000000000000E+000 -0.000000000000E+000 -0.000000000000E+000 -0.000000000000E+000 -0.000000000000E+000 -0.000000000000E+000 -0.000000000000E+000 -0.000000000000E+000 -0.000000000000E+000 -0.000000000000E+000 -0.000000000000E+000 -0.000000000000E+000 -0.000000000000E+000 -0.000000000000E+000 
3 3 ! m1 1 s1 4 ms1 0   m2 2 s2 1 ms2 0
-0.000000000000E+000 -0.000000000000E+000 -0.000000000000E+000 -0.000000000000E+000 -0.000000000000E+000 -0.000000000000E+000 -0.000000000000E+000 -0.000000000000E+000 -0.000000000000E+000 -0.000000000000E+000 -0.000000000000E+000 -0.000000000000E+000 -0.000000000000E+000 -0.000000000000E+000 -0.000000000000E+000 -0.000000000000E+000 -0.000000000000E+000 -0.000000000000E+000 
3 3 ! m1 1 s1 4 ms1 0   m2 2 s2 2 ms2 0
-0.000000000000E+000 -0.000000000000E+000 -0.000000000000E+000 -0.000000000000E+000 -0.000000000000E+000 -0.000000000000E+000 -0.000000000000E+000 -0.000000000000E+000 -0.000000000000E+000 -0.000000000000E+000 -0.000000000000E+000 -0.000000000000E+000 -0.000000000000E+000 -0.000000000000E+000 -0.000000000000E+000 -0.000000000000E+000 -0.000000000000E+000 -0.000000000000E+000 
3 3 ! m1 2 s1 1 ms1 0   m2 1 s2 1 ms2 0
-0.000000000000E+000 -0.000000000000E+000 -0.000000000000E+000 -0.000000000000E+000 -0.000000000000E+000 -0.000000000000E+000 -0.000000000000E+000 -0.000000000000E+000 -0.000000000000E+000 -0.000000000000E+000 -0.000000000000E+000 -0.000000000000E+000 -0.000000000000E+000 -0.000000000000E+000 -0.000000000000E+000 -0.000000000000E+000 -0.000000000000E+000 -0.000000000000E+000 
3 3 ! m1 2 s1 1 ms1 0   m2 1 s2 2 ms2 0
-0.000000000000E+000 -0.000000000000E+000 -0.000000000000E+000 -0.000000000000E+000 -0.000000000000E+000 -0.000000000000E+000 -0.000000000000E+000 -0.000000000000E+000 -0.000000000000E+000 -0.000000000000E+000 -0.000000000000E+000 -0.000000000000E+000 -0.000000000000E+000 -0.000000000000E+000 -0.000000000000E+000 -0.000000000000E+000 -0.000000000000E+000 -0.000000000000E+000 
3 3 ! m1 2 s1 1 ms1 0   m2 1 s2 3 ms2 0
-0.000000000000E+000 -0.000000000000E+000 -0.000000000000E+000 -0.000000000000E+000 -0.000000000000E+000 -0.000000000000E+000 -0.000000000000E+000 -0.000000000000E+000 -0.000000000000E+000 -0.000000000000E+000 -0.000000000000E+000 -0.000000000000E+000 -0.000000000000E+000 -0.000000000000E+000 -0.000000000000E+000 -0.000000000000E+000 -0.000000000000E+000 -0.000000000000E+000 
3 3 ! m1 2 s1 1 ms1 0   m2 1 s2 4 ms2 0
-0.000000000000E+000 -0.000000000000E+000 -0.000000000000E+000 -0.000000000000E+000 -0.000000000000E+000 -0.000000000000E+000 -0.000000000000E+000 -0.000000000000E+000 -0.000000000000E+000 -0.000000000000E+000 -0.000000000000E+000 -0.000000000000E+000 -0.000000000000E+000 -0.000000000000E+000 -0.000000000000E+000 -0.000000000000E+000 -0.000000000000E+000 -0.000000000000E+000 
3 3 ! m1 2 s1 1 ms1 0   m2 2 s2 1 ms2 0
 0.000000000000E+000  0.000000000000E+000  0.000000000000E+000  0.000000000000E+000  0.000000000000E+000  0.000000000000E+000  0.000000000000E+000  0.000000000000E+000  0.000000000000E+000  0.000000000000E+000  0.000000000000E+000  0.000000000000E+000  0.000000000000E+000  0.000000000000E+000  0.000000000000E+000  0.000000000000E+000  0.000000000000E+000  0.000000000000E+000 
3 3 ! m1 2 s1 1 ms1 0   m2 2 s2 2 ms2 0
-0.000000000000E+000 -0.000000000000E+000 -0.000000000000E+000 -1.532621211899E-003 -0.000000000000E+000 -0.000000000000E+000 -0.000000000000E+000 -0.000000000000E+000 -0.000000000000E+000  7.763769845535E-004 -0.000000000000E+000  7.595595017359E-004 -0.000000000000E+000 -0.000000000000E+000 -0.000000000000E+000  7.763769845535E-004 -0.000000000000E+000 -7.595595017359E-004 
3 3 ! m1 2 s1 1 ms1 0   m2 2 s2 1 ms2 0
-0.000000000000E+000 -0.000000000000E+000 -0.000000000000E+000 -0.000000000000E+000 -0.000000000000E+000 -0.000000000000E+000 -0.000000000000E+000 -0.000000000000E+000 -0.000000000000E+000 -0.000000000000E+000 -0.000000000000E+000 -0.000000000000E+000 -0.000000000000E+000 -0.000000000000E+000 -0.000000000000E+000 -0.000000000000E+000 -0.000000000000E+000 -0.000000000000E+000 
3 3 ! m1 2 s1 1 ms1 0   m2 2 s2 2 ms2 0
-0.000000000000E+000 -0.000000000000E+000 -0.000000000000E+000 -0.000000000000E+000 -9.752934479872E-005 -0.000000000000E+000 -0.000000000000E+000  1.919242483555E-004 -2.652219512451E-006  0.000000000000E+000  5.503355488333E-005 -0.000000000000E+000 -0.000000000000E+000 -1.919242483555E-004  2.652219512451E-006 -0.000000000000E+000  5.503355488333E-005 -0.000000000000E+000 
3 3 ! m1 2 s1 2 ms1 0   m2 1 s2 1 ms2 0
-0.000000000000E+000 -0.000000000000E+000 -0.000000000000E+000 -0.000000000000E+000 -0.000000000000E+000 -0.000000000000E+000 -0.000000000000E+000 -0.000000000000E+000 -0.000000000000E+000 -0.000000000000E+000 -0.000000000000E+000 -0.000000000000E+000 -0.000000000000E+000 -0.000000000000E+000 -0.000000000000E+000 -0.000000000000E+000 -0.000000000000E+000 -0.000000000000E+000 
3 3 ! m1 2 s1 2 ms1 0   m2 1 s2 2 ms2 0
-0.000000000000E+000 -0.000000000000E+000 -0.000000000000E+000 -0.000000000000E+000 -0.000000000000E+000 -0.000000000000E+000 -0.000000000000E+000 -0.000000000000E+000 -0.000000000000E+000 -0.000000000000E+000 -0.000000000000E+000 -0.000000000000E+000 -0.000000000000E+000 -0.000000000000E+000 -0.000000000000E+000 -0.000000000000E+000 -0.000000000000E+000 -0.000000000000E+000 
3 3 ! m1 2 s1 2 ms1 0   m2 1 s2 3 ms2 0
-0.000000000000E+000 -0.000000000000E+000 -0.000000000000E+000 -0.000000000000E+000 -0.000000000000E+000 -0.000000000000E+000 -0.000000000000E+000 -0.000000000000E+000 -0.000000000000E+000 -0.000000000000E+000 -0.000000000000E+000 -0.000000000000E+000 -0.000000000000E+000 -0.000000000000E+000 -0.000000000000E+000 -0.000000000000E+000 -0.000000000000E+000 -0.000000000000E+000 
3 3 ! m1 2 s1 2 ms1 0   m2 1 s2 4 ms2 0
-0.000000000000E+000 -0.000000000000E+000 -0.000000000000E+000 -0.000000000000E+000 -0.000000000000E+000 -0.000000000000E+000 -0.000000000000E+000 -0.000000000000E+000 -0.000000000000E+000 -0.000000000000E+000 -0.000000000000E+000 -0.000000000000E+000 -0.000000000000E+000 -0.000000000000E+000 -0.000000000000E+000 -0.000000000000E+000 -0.000000000000E+000 -0.000000000000E+000 
3 3 ! m1 2 s1 2 ms1 0   m2 2 s2 1 ms2 0
-0.000000000000E+000 -0.000000000000E+000 -0.000000000000E+000  1.532621211899E-003 -0.000000000000E+000 -0.000000000000E+000 -0.000000000000E+000 -0.000000000000E+000 -0.000000000000E+000 -7.763769845535E-004 -0.000000000000E+000 -7.595595017359E-004 -0.000000000000E+000 -0.000000000000E+000 -0.000000000000E+000 -7.763769845535E-004  0.000000000000E+000  7.595595017359E-004 
3 3 ! m1 2 s1 2 ms1 0   m2 2 s2 2 ms2 0
 0.000000000000E+000  0.000000000000E+000  0.000000000000E+000  0.000000000000E+000  0.000000000000E+000  0.000000000000E+000  0.000000000000E+000  0.000000000000E+000  0.000000000000E+000  0.000000000000E+000  0.000000000000E+000  0.000000000000E+000  0.000000000000E+000  0.000000000000E+000  0.000000000000E+000  0.000000000000E+000  0.000000000000E+000  0.000000000000E+000 
3 3 ! m1 2 s1 2 ms1 0   m2 2 s2 1 ms2 0
-0.000000000000E+000  0.000000000000E+000 -0.000000000000E+000 -0.000000000000E+000  9.752934479872E-005 -0.000000000000E+000 -0.000000000000E+000 -1.919242483555E-004  2.652219512451E-006 -0.000000000000E+000 -5.503355488333E-005 -0.000000000000E+000 -0.000000000000E+000  1.919242483555E-004 -2.652219512451E-006 -0.000000000000E+000 -5.503355488333E-005 -0.000000000000E+000 
3 3 ! m1 2 s1 2 ms1 0   m2 2 s2 2 ms2 0
-0.000000000000E+000 -0.000000000000E+000 -0.000000000000E+000 -0.000000000000E+000 -0.000000000000E+000 -0.000000000000E+000 -0.000000000000E+000 -0.000000000000E+000 -0.000000000000E+000 -0.000000000000E+000 -0.000000000000E+000 -0.000000000000E+000 -0.000000000000E+000 -0.000000000000E+000 -0.000000000000E+000 -0.000000000000E+000 -0.000000000000E+000 -0.000000000000E+000 
3 3 ! m1 2 s1 1 ms1 0   m2 1 s2 1 ms2 0
-0.000000000000E+000 -0.000000000000E+000 -0.000000000000E+000 -0.000000000000E+000 -0.000000000000E+000 -0.000000000000E+000 -0.000000000000E+000 -0.000000000000E+000 -0.000000000000E+000 -0.000000000000E+000 -0.000000000000E+000 -0.000000000000E+000 -0.000000000000E+000 -0.000000000000E+000 -0.000000000000E+000 -0.000000000000E+000 -0.000000000000E+000 -0.000000000000E+000 
3 3 ! m1 2 s1 1 ms1 0   m2 1 s2 2 ms2 0
-0.000000000000E+000 -0.000000000000E+000 -0.000000000000E+000 -0.000000000000E+000 -0.000000000000E+000 -0.000000000000E+000 -0.000000000000E+000 -0.000000000000E+000 -0.000000000000E+000 -0.000000000000E+000 -0.000000000000E+000 -0.000000000000E+000 -0.000000000000E+000 -0.000000000000E+000 -0.000000000000E+000 -0.000000000000E+000 -0.000000000000E+000 -0.000000000000E+000 
3 3 ! m1 2 s1 1 ms1 0   m2 1 s2 3 ms2 0
-0.000000000000E+000 -0.000000000000E+000 -0.000000000000E+000 -0.000000000000E+000 -0.000000000000E+000 -0.000000000000E+000 -0.000000000000E+000 -0.000000000000E+000 -0.000000000000E+000 -0.000000000000E+000 -0.000000000000E+000 -0.000000000000E+000 -0.000000000000E+000 -0.000000000000E+000 -0.000000000000E+000 -0.000000000000E+000 -0.000000000000E+000 -0.000000000000E+000 
3 3 ! m1 2 s1 1 ms1 0   m2 1 s2 4 ms2 0
-0.000000000000E+000 -0.000000000000E+000 -0.000000000000E+000 -0.000000000000E+000 -0.000000000000E+000 -0.000000000000E+000 -0.000000000000E+000 -0.000000000000E+000 -0.000000000000E+000 -0.000000000000E+000 -0.000000000000E+000 -0.000000000000E+000 -0.000000000000E+000 -0.000000000000E+000 -0.000000000000E+000 -0.000000000000E+000 -0.000000000000E+000 -0.000000000000E+000 
3 3 ! m1 2 s1 1 ms1 0   m2 2 s2 1 ms2 0
-0.000000000000E+000 -0.000000000000E+000 -0.000000000000E+000 -0.000000000000E+000 -0.000000000000E+000 -0.000000000000E+000 -0.000000000000E+000 -0.000000000000E+000 -0.000000000000E+000 -0.000000000000E+000 -0.000000000000E+000 -0.000000000000E+000 -0.000000000000E+000 -0.000000000000E+000 -0.000000000000E+000 -0.000000000000E+000 -0.000000000000E+000 -0.000000000000E+000 
3 3 ! m1 2 s1 1 ms1 0   m2 2 s2 2 ms2 0
-0.000000000000E+000 -0.000000000000E+000 -0.000000000000E+000 -0.000000000000E+000  9.752934479872E-005 -0.000000000000E+000 -0.000000000000E+000  1.919242483555E-004  2.652219512451E-006 -0.000000000000E+000 -5.503355488333E-005 -0.000000000000E+000 -0.000000000000E+000 -1.919242483555E-004 -2.652219512451E-006 -0.000000000000E+000 -5.503355488333E-005 -0.000000000000E+000 
3 3 ! m1 2 s1 1 ms1 0   m2 2 s2 1 ms2 0
 0.000000000000E+000  0.000000000000E+000  0.000000000000E+000  0.000000000000E+000  0.000000000000E+000  0.000000000000E+000  0.000000000000E+000  0.000000000000E+000  0.000000000000E+000  0.000000000000E+000  0.000000000000E+000  0.000000000000E+000  0.000000000000E+000  0.000000000000E+000  0.000000000000E+000  0.000000000000E+000  0.000000000000E+000  0.000000000000E+000 
3 3 ! m1 2 s1 1 ms1 0   m2 2 s2 2 ms2 0
-0.000000000000E+000 -0.000000000000E+000 -0.000000000000E+000  1.532621211899E-003 -0.000000000000E+000 -0.000000000000E+000 -0.000000000000E+000 -0.000000000000E+000 -0.000000000000E+000 -7.763769845535E-004 -0.000000000000E+000 -7.595595017359E-004 -0.000000000000E+000 -0.000000000000E+000 -0.000000000000E+000 -7.763769845535E-004  0.000000000000E+000  7.595595017359E-004 
3 3 ! m1 2 s1 2 ms1 0   m2 1 s2 1 ms2 0
-0.000000000000E+000 -0.000000000000E+000 -0.000000000000E+000 -0.000000000000E+000 -0.000000000000E+000 -0.000000000000E+000 -0.000000000000E+000 -0.000000000000E+000 -0.000000000000E+000 -0.000000000000E+000 -0.000000000000E+000 -0.000000000000E+000 -0.000000000000E+000 -0.000000000000E+000 -0.000000000000E+000 -0.000000000000E+000 -0.000000000000E+000 -0.000000000000E+000 
3 3 ! m1 2 s1 2 ms1 0   m2 1 s2 2 ms2 0
-0.000000000000E+000 -0.000000000000E+000 -0.000000000000E+000 -0.000000000000E+000 -0.000000000000E+000 -0.000000000000E+000 -0.000000000000E+000 -0.000000000000E+000 -0.000000000000E+000 -0.000000000000E+000 -0.000000000000E+000 -0.000000000000E+000 -0.000000000000E+000 -0.000000000000E+000 -0.000000000000E+000 -0.000000000000E+000 -0.000000000000E+000 -0.000000000000E+000 
3 3 ! m1 2 s1 2 ms1 0   m2 1 s2 3 ms2 0
-0.000000000000E+000 -0.000000000000E+000 -0.000000000000E+000 -0.000000000000E+000 -0.000000000000E+000 -0.000000000000E+000 -0.000000000000E+000 -0.000000000000E+000 -0.000000000000E+000 -0.000000000000E+000 -0.000000000000E+000 -0.000000000000E+000 -0.000000000000E+000 -0.000000000000E+000 -0.000000000000E+000 -0.000000000000E+000 -0.000000000000E+000 -0.000000000000E+000 
3 3 ! m1 2 s1 2 ms1 0   m2 1 s2 4 ms2 0
-0.000000000000E+000 -0.000000000000E+000 -0.000000000000E+000 -0.000000000000E+000 -0.000000000000E+000 -0.000000000000E+000 -0.000000000000E+000 -0.000000000000E+000 -0.000000000000E+000 -0.000000000000E+000 -0.000000000000E+000 -0.000000000000E+000 -0.000000000000E+000 -0.000000000000E+000 -0.000000000000E+000 -0.000000000000E+000 -0.000000000000E+000 -0.000000000000E+000 
3 3 ! m1 2 s1 2 ms1 0   m2 2 s2 1 ms2 0
-0.000000000000E+000 -0.000000000000E+000 -0.000000000000E+000 -0.000000000000E+000 -9.752934479872E-005 -0.000000000000E+000 -0.000000000000E+000 -1.919242483555E-004 -2.652219512451E-006 -0.000000000000E+000  5.503355488333E-005 -0.000000000000E+000 -0.000000000000E+000  1.919242483555E-004  2.652219512451E-006 -0.000000000000E+000  5.503355488333E-005 -0.000000000000E+000 
3 3 ! m1 2 s1 2 ms1 0   m2 2 s2 2 ms2 0
-0.000000000000E+000 -0.000000000000E+000 -0.000000000000E+000 -0.000000000000E+000 -0.000000000000E+000 -0.000000000000E+000 -0.000000000000E+000 -0.000000000000E+000 -0.000000000000E+000 -0.000000000000E+000 -0.000000000000E+000 -0.000000000000E+000 -0.000000000000E+000 -0.000000000000E+000 -0.000000000000E+000 -0.000000000000E+000 -0.000000000000E+000 -0.000000000000E+000 
3 3 ! m1 2 s1 2 ms1 0   m2 2 s2 1 ms2 0
-0.000000000000E+000 -0.000000000000E+000 -0.000000000000E+000 -1.532621211899E-003 -0.000000000000E+000 -0.000000000000E+000 -0.000000000000E+000 -0.000000000000E+000 -0.000000000000E+000  7.763769845535E-004 -0.000000000000E+000  7.595595017359E-004 -0.000000000000E+000 -0.000000000000E+000 -0.000000000000E+000  7.763769845535E-004 -0.000000000000E+000 -7.595595017359E-004 
3 3 ! m1 2 s1 2 ms1 0   m2 2 s2 2 ms2 0
 0.000000000000E+000  0.000000000000E+000  0.000000000000E+000  0.000000000000E+000  0.000000000000E+000  0.000000000000E+000  0.000000000000E+000  0.000000000000E+000  0.000000000000E+000  0.000000000000E+000  0.000000000000E+000  0.000000000000E+000  0.000000000000E+000  0.000000000000E+000  0.000000000000E+000  0.000000000000E+000  0.000000000000E+000  0.000000000000E+000 
! 12 Dipole moment derivatives (8x8x3x3x3, real)
3 3 ! m1 1 s1 1 ms1 0   m2 1 s2 1 ms2 0   pol 0
-1.659643627563E-001 -5.780734959234E-012 -6.153675577954E-012 
 8.716158594823E-002 -5.877169756139E-012 -3.768604703349E-012 
 7.842026000276E-002 -5.256910791128E-012  5.894470556810E-013 
3 3 ! m1 1 s1 1 ms1 0   m2 1 s2 1 ms2 0   pol 1
-0.000000000000E+000  5.244051927778E-001 -5.222898108457E-002 
-0.000000000000E+000 -2.840131398430E-002 -1.449306920623E-001 
-0.000000000000E+000 -9.092580813292E-002  2.076570786942E-001 
3 3 ! m1 1 s1 1 ms1 0   m2 1 s2 1 ms2 0   pol 2
-0.000000000000E+000 -4.154041106367E-006  5.773349830871E-002 
-0.000000000000E+000 -1.420775987327E-002 -2.252470580425E-002 
-0.000000000000E+000  1.622090873707E-002 -3.165708735853E-002 
3 3 ! m1 1 s1 1 ms1 0   m2 1 s2 2 ms2 0   pol 0
-0.000000000000E+000 -8.117525909131E-002 -1.852975388873E-003 
 1.322943022214E-010  5.521371154499E-002  7.638403213325E-002 
-0.000000000000E+000  6.894408841899E-002 -7.337612576154E-002 
3 3 ! m1 1 s1 1 ms1 0   m2 1 s2 2 ms2 0   pol 1
 1.054000492140E-005  1.910539338803E-013  7.244372345342E-013 
-4.455634597956E-004 -3.207289245319E-013  6.954523425987E-013 
 3.143106730487E-004  2.039217970789E-013  2.036524366179E-012 
3 3 ! m1 1 s1 1 ms1 0   m2 1 s2 2 ms2 0   pol 2
 6.119891026225E-004 -1.853967764157E-012  1.467821328373E-012 
-4.094997087449E-004  3.151881957112E-012  2.624108018240E-013 
-1.416517161195E-004  7.143511989150E-013 -4.474624003108E-013 
3 3 ! m1 1 s1 1 ms1 0   m2 1 s2 3 ms2 0   pol 0
-0.000000000000E+000 -1.578667914716E-005 -1.268881714759E-001 
-0.000000000000E+000  5.258046323400E-002  3.434785690162E-002 
-0.000000000000E+000 -1.024976529728E-001  1.007367509790E-001 
3 3 ! m1 1 s1 1 ms1 0   m2 1 s2 3 ms2 0   pol 1
-1.199656408340E-005 -2.418464889584E-012 -6.433991201840E-014 
-1.033213677058E-002  5.209838239790E-013  2.942445827763E-013 
 1.041631951165E-002  6.174912250552E-013 -1.137966719024E-012 
3 3 ! m1 1 s1 1 ms1 0   m2 1 s2 3 ms2 0   pol 2
 1.686367993518E-002  1.545205119929E-012 -1.917574511694E-013 
-8.582973938186E-003 -6.742919694175E-013 -1.871002339743E-013 
-8.513849609364E-003  2.945513613579E-013  1.764209404694E-012 
3 3 ! m1 1 s1 1 ms1 0   m2 1 s2 4 ms2 0   pol 0
 1.005030070548E-001 -6.801804619175E-010 -8.948129193297E-013 
-2.649590507148E-002 -2.267624149986E-012 -7.438241086581E-013 
-7.431535855681E-002 -2.561888135693E-012  1.355438404323E-012 
3 3 ! m1 1 s1 1 ms1 0   m2 1 s2 4 ms2 0   pol 1
-0.000000000000E+000  6.708473379884E-001  4.540536001359E-001 
-0.000000000000E+000 -7.767967834809E-002 -6.709791560317E-001 
-0.000000000000E+000 -7.690261720090E-001  3.033781139680E-001 
3 3 ! m1 1 s1 1 ms1 0   m2 1 s2 4 ms2 0   pol 2
-0.000000000000E+000  3.135112238690E-001 -1.168048042328E+000 
-0.000000000000E+000 -2.623165831446E-001  3.201939250487E-001 
-0.000000000000E+000 -2.295157983093E-001  9.300123718564E-001 
3 3 ! m1 1 s1 1 ms1 0   m2 2 s2 1 ms2 0   pol 0
 0.000000000000E+000  0.000000000000E+000 -0.000000000000E+000 
-0.000000000000E+000  0.000000000000E+000 -0.000000000000E+000 
-0.000000000000E+000 -0.000000000000E+000 -0.000000000000E+000 
3 3 ! m1 1 s1 1 ms1 0   m2 2 s2 1 ms2 0   pol 1
 0.000000000000E+000  0.000000000000E+000 -0.000000000000E+000 
-0.000000000000E+000  0.000000000000E+000 -0.000000000000E+000 
-0.000000000000E+000 -0.000000000000E+000 -0.000000000000E+000 
3 3 ! m1 1 s1 1 ms1 0   m2 2 s2 1 ms2 0   pol 2
 0.000000000000E+000  0.000000000000E+000 -0.000000000000E+000 
-0.000000000000E+000  0.000000000000E+000 -0.000000000000E+000 
-0.000000000000E+000 -0.000000000000E+000 -0.000000000000E+000 
3 3 ! m1 1 s1 1 ms1 0   m2 2 s2 2 ms2 0   pol 0
-0.000000000000E+000  0.000000000000E+000 -0.000000000000E+000 
-0.000000000000E+000 -0.000000000000E+000 -0.000000000000E+000 
 0.000000000000E+000 -0.000000000000E+000 -0.000000000000E+000 
3 3 ! m1 1 s1 1 ms1 0   m2 2 s2 2 ms2 0   pol 1
-0.000000000000E+000  0.000000000000E+000 -0.000000000000E+000 
-0.000000000000E+000 -0.000000000000E+000 -0.000000000000E+000 
 0.000000000000E+000 -0.000000000000E+000 -0.000000000000E+000 
3 3 ! m1 1 s1 1 ms1 0   m2 2 s2 2 ms2 0   pol 2
-0.000000000000E+000  0.000000000000E+000 -0.000000000000E+000 
-0.000000000000E+000 -0.000000000000E+000 -0.000000000000E+000 
 0.000000000000E+000 -0.000000000000E+000 -0.000000000000E+000 
3 3 ! m1 1 s1 1 ms1 0   m2 2 s2 1 ms2 0   pol 0
 0.000000000000E+000  0.000000000000E+000 -0.000000000000E+000 
-0.000000000000E+000  0.000000000000E+000 -0.000000000000E+000 
-0.000000000000E+000 -0.000000000000E+000 -0.000000000000E+000 
3 3 ! m1 1 s1 1 ms1 0   m2 2 s2 1 ms2 0   pol 1
 0.000000000000E+000  0.000000000000E+000 -0.000000000000E+000 
-0.000000000000E+000  0.000000000000E+000 -0.000000000000E+000 
-0.000000000000E+000 -0.000000000000E+000 -0.000000000000E+000 
3 3 ! m1 1 s1 1 ms1 0   m2 2 s2 1 ms2 0   pol 2
 0.000000000000E+000  0.000000000000E+000 -0.000000000000E+000 
-0.000000000000E+000  0.000000000000E+000 -0.000000000000E+000 
-0.000000000000E+000 -0.000000000000E+000 -0.000000000000E+000 
3 3 ! m1 1 s1 1 ms1 0   m2 2 s2 2 ms2 0   pol 0
-0.000000000000E+000  0.000000000000E+000 -0.000000000000E+000 
-0.000000000000E+000 -0.000000000000E+000 -0.000000000000E+000 
 0.000000000000E+000 -0.000000000000E+000 -0.000000000000E+000 
3 3 ! m1 1 s1 1 ms1 0   m2 2 s2 2 ms2 0   pol 1
-0.000000000000E+000  0.000000000000E+000 -0.000000000000E+000 
-0.000000000000E+000 -0.000000000000E+000 -0.000000000000E+000 
 0.000000000000E+000 -0.000000000000E+000 -0.000000000000E+000 
3 3 ! m1 1 s1 1 ms1 0   m2 2 s2 2 ms2 0   pol 2
-0.000000000000E+000  0.000000000000E+000 -0.000000000000E+000 
-0.000000000000E+000 -0.000000000000E+000 -0.000000000000E+000 
 0.000000000000E+000 -0.000000000000E+000 -0.000000000000E+000 
3 3 ! m1 1 s1 2 ms1 0   m2 1 s2 1 ms2 0   pol 0
-0.000000000000E+000 -8.117525909131E-002 -1.852975388873E-003 
 1.322943022214E-010  5.521371154499E-002  7.638403213325E-002 
-0.000000000000E+000  6.894408841899E-002 -7.337612576154E-002 
3 3 ! m1 1 s1 2 ms1 0   m2 1 s2 1 ms2 0   pol 1
 1.054000492140E-005  1.910539338803E-013  7.244372345342E-013 
-4.455634597956E-004 -3.207289245319E-013  6.954523425987E-013 
 3.143106730487E-004  2.039217970789E-013  2.036524366179E-012 
3 3 ! m1 1 s1 2 ms1 0   m2 1 s2 1 ms2 0   pol 2
 6.119891026225E-004 -1.853967764157E-012  1.467821328373E-012 
-4.094997087449E-004  3.151881957112E-012  2.624108018240E-013 
-1.416517161195E-004  7.143511989150E-013 -4.474624003108E-013 
3 3 ! m1 1 s1 2 ms1 0   m2 1 s2 2 ms2 0   pol 0
-1.636979687297E-002  1.296249159351E-012 -3.736292575302E-012 
 5.153564119623E-002 -2.410087084305E-012 -1.634488353797E-012 
-3.531067472830E-002 -4.205359911892E-012  2.959794439595E-012 
3 3 ! m1 1 s1 2 ms1 0   m2 1 s2 2 ms2 0   pol 1
-0.000000000000E+000  7.046732700527E+000 -9.572162213134E-002 
-0.000000000000E+000 -1.467034806992E+000 -1.962612671672E+000 
-0.000000000000E+000 -1.880791935580E+000  2.190153903428E+000 
3 3 ! m1 1 s1 2 ms1 0   m2 1 s2 2 ms2 0   pol 2
-0.000000000000E+000 -4.116998701561E-006  6.484325608121E-002 
-0.000000000000E+000  2.340151976618E-001  2.795327048788E-001 
-0.000000000000E+000  2.111545304758E-001 -3.422943722846E-001 
3 3 ! m1 1 s1 2 ms1 0   m2 1 s2 3 ms2 0   pol 0
-3.850600997949E-002 -1.756933005975E-013 -3.728634523792E-013 
-1.289252380913E-001  5.566282059265E-013 -2.137663590823E-012 
 1.673044807594E-001  6.213230583600E-013 -3.064897120851E-013 
3 3 ! m1 1 s1 2 ms1 0   m2 1 s2 3 ms2 0   pol 1
-0.000000000000E+000 -5.887096473315E-006 -4.775094990784E-001 
-0.000000000000E+000 -2.826277803635E-001 -2.179536995908E-001 
-0.000000000000E+000 -4.357882284736E-001  6.885336627794E-001 
3 3 ! m1 1 s1 2 ms1 0   m2 1 s2 3 ms2 0   pol 2
-0.000000000000E+000  3.077716130541E+000  6.089637726942E-003 
-0.000000000000E+000 -4.751844796253E-001 -7.654003066458E-001 
-0.000000000000E+000 -5.655893352840E-001  8.312407971811E-001 
3 3 ! m1 1 s1 2 ms1 0   m2 1 s2 4 ms2 0   pol 0
-0.000000000000E+000  9.331168561118E-001  2.194061322818E-003 
-0.000000000000E+000 -4.698291136440E-001 -7.143780586273E-001 
-0.000000000000E+000 -7.376468629980E-001  8.152950050302E-001 
3 3 ! m1 1 s1 2 ms1 0   m2 1 s2 4 ms2 0   pol 1
-3.600796069110E-006  6.492530661647E-010 -8.741885226252E-013 
-3.335707523440E-002 -1.488695988591E-012 -1.003393449791E-012 
 3.347456924433E-002 -1.314522018870E-012 -2.343891544966E-013 
3 3 ! m1 1 s1 2 ms1 0   m2 1 s2 4 ms2 0   pol 2
 5.511002608365E-002 -9.521315977394E-011  3.494380450245E-013 
-2.749484876800E-002 -8.613552059671E-013 -4.139079546769E-013 
-2.762707983407E-002  1.483236046212E-012 -2.702837709855E-012 
3 3 ! m1 1 s1 2 ms1 0   m2 2 s2 1 ms2 0   pol 0
 0.000000000000E+000 -0.000000000000E+000 -0.000000000000E+000 
 0.000000000000E+000 -0.000000000000E+000 -0.000000000000E+000 
 0.000000000000E+000 -0.000000000000E+000 -0.000000000000E+000 
3 3 ! m1 1 s1 2 ms1 0   m2 2 s2 1 ms2 0   pol 1
 0.000000000000E+000 -0.000000000000E+000 -0.000000000000E+000 
 0.000000000000E+000 -0.000000000000E+000 -0.000000000000E+000 
 0.000000000000E+000 -0.000000000000E+000 -0.000000000000E+000 
3 3 ! m1 1 s1 2 ms1 0   m2 2 s2 1 ms2 0   pol 2
 0.000000000000E+000 -0.000000000000E+000 -0.000000000000E+000 
 0.000000000000E+000 -0.000000000000E+000 -0.000000000000E+000 
 0.000000000000E+000 -0.000000000000E+000 -0.000000000000E+000 
3 3 ! m1 1 s1 2 ms1 0   m2 2 s2 2 ms2 0   pol 0
-0.000000000000E+000 -0.000000000000E+000 -0.000000000000E+000 
 0.000000000000E+000  0.000000000000E+000 -0.000000000000E+000 
-0.000000000000E+000 -0.000000000000E+000 -0.000000000000E+000 
3 3 ! m1 1 s1 2 ms1 0   m2 2 s2 2 ms2 0   pol 1
-0.000000000000E+000 -0.000000000000E+000 -0.000000000000E+000 
 0.000000000000E+000  0.000000000000E+000 -0.000000000000E+000 
-0.000000000000E+000 -0.000000000000E+000 -0.000000000000E+000 
3 3 ! m1 1 s1 2 ms1 0   m2 2 s2 2 ms2 0   pol 2
-0.000000000000E+000 -0.000000000000E+000 -0.000000000000E+000 
 0.000000000000E+000  0.000000000000E+000 -0.000000000000E+000 
-0.000000000000E+000 -0.000000000000E+000 -0.000000000000E+000 
3 3 ! m1 1 s1 2 ms1 0   m2 2 s2 1 ms2 0   pol 0
 0.000000000000E+000 -0.000000000000E+000 -0.000000000000E+000 
 0.000000000000E+000 -0.000000000000E+000 -0.000000000000E+000 
 0.000000000000E+000 -0.000000000000E+000 -0.000000000000E+000 
3 3 ! m1 1 s1 2 ms1 0   m2 2 s2 1 ms2 0   pol 1
 0.000000000000E+000 -0.000000000000E+000 -0.000000000000E+000 
 0.000000000000E+000 -0.000000000000E+000 -0.000000000000E+000 
 0.000000000000E+000 -0.000000000000E+000 -0.000000000000E+000 
3 3 ! m1 1 s1 2 ms1 0   m2 2 s2 1 ms2 0   pol 2
 0.000000000000E+000 -0.000000000000E+000 -0.000000000000E+000 
 0.000000000000E+000 -0.000000000000E+000 -0.000000000000E+000 
 0.000000000000E+000 -0.000000000000E+000 -0.000000000000E+000 
3 3 ! m1 1 s1 2 ms1 0   m2 2 s2 2 ms2 0   pol 0
-0.000000000000E+000 -0.000000000000E+000 -0.000000000000E+000 
 0.000000000000E+000  0.000000000000E+000 -0.000000000000E+000 
-0.000000000000E+000 -0.000000000000E+000 -0.000000000000E+000 
3 3 ! m1 1 s1 2 ms1 0   m2 2 s2 2 ms2 0   pol 1
-0.000000000000E+000 -0.000000000000E+000 -0.000000000000E+000 
 0.000000000000E+000  0.000000000000E+000 -0.000000000000E+000 
-0.000000000000E+000 -0.000000000000E+000 -0.000000000000E+000 
3 3 ! m1 1 s1 2 ms1 0   m2 2 s2 2 ms2 0   pol 2
-0.000000000000E+000 -0.000000000000E+000 -0.000000000000E+000 
 0.000000000000E+000  0.000000000000E+000 -0.000000000000E+000 
-0.000000000000E+000 -0.000000000000E+000 -0.000000000000E+000 
3 3 ! m1 1 s1 3 ms1 0   m2 1 s2 1 ms2 0   pol 0
-0.000000000000E+000 -1.578667914716E-005 -1.268881714759E-001 
-0.000000000000E+000  5.258046323400E-002  3.434785690162E-002 
-0.000000000000E+000 -1.024976529728E-001  1.007367509790E-001 
3 3 ! m1 1 s1 3 ms1 0   m2 1 s2 1 ms2 0   pol 1
-1.199656408340E-005 -2.418464889584E-012 -6.433991201840E-014 
-1.033213677058E-002  5.209838239790E-013  2.942445827763E-013 
 1.041631951165E-002  6.174912250552E-013 -1.137966719024E-012 
3 3 ! m1 1 s1 3 ms1 0   m2 1 s2 1 ms2 0   pol 2
 1.686367993518E-002  1.545205119929E-012 -1.917574511694E-013 
-8.582973938186E-003 -6.742919694175E-013 -1.871002339743E-013 
-8.513849609364E-003  2.945513613579E-013  1.764209404694E-012 
3 3 ! m1 1 s1 3 ms1 0   m2 1 s2 2 ms2 0   pol 0
-3.850600997949E-002 -1.756933005975E-013 -3.728634523792E-013 
-1.289252380913E-001  5.566282059265E-013 -2.137663590823E-012 
 1.673044807594E-001  6.213230583600E-013 -3.064897120851E-013 
3 3 ! m1 1 s1 3 ms1 0   m2 1 s2 2 ms2 0   pol 1
-0.000000000000E+000 -5.887096473315E-006 -4.775094990784E-001 
-0.000000000000E+000 -2.826277803635E-001 -2.179536995908E-001 
-0.000000000000E+000 -4.357882284736E-001  6.885336627794E-001 
3 3 ! m1 1 s1 3 ms1 0   m2 1 s2 2 ms2 0   pol 2
-0.000000000000E+000  3.077716130541E+000  6.089637726942E-003 
-0.000000000000E+000 -4.751844796253E-001 -7.654003066458E-001 
-0.000000000000E+000 -5.655893352840E-001  8.312407971811E-001 
3 3 ! m1 1 s1 3 ms1 0   m2 1 s2 3 ms2 0   pol 0
 1.757032221410E-001 -4.796887646064E-013 -1.973574425459E-012 
-1.044758020559E-001 -2.434048547249E-012  1.455698791167E-012 
-7.064177807824E-002 -9.396127445066E-014  3.887296487369E-012 
3 3 ! m1 1 s1 3 ms1 0   m2 1 s2 3 ms2 0   pol 1
-0.000000000000E+000 -4.679910615816E+000  1.591733961527E-002 
-0.000000000000E+000  1.618895041030E+000  2.166402326719E+000 
-0.000000000000E+000  1.818938686848E+000 -2.248016137323E+000 
3 3 ! m1 1 s1 3 ms1 0   m2 1 s2 3 ms2 0   pol 2
-0.000000000000E+000 -2.902537002276E-005 -4.997886401979E-001 
-0.000000000000E+000  4.532081337059E-002 -8.022446906575E-002 
-0.000000000000E+000 -5.694277526117E-001  5.946629173201E-001 
3 3 ! m1 1 s1 3 ms1 0   m2 1 s2 4 ms2 0   pol 0
-0.000000000000E+000  6.142229739469E-001 -4.686281327342E-001 
-0.000000000000E+000 -1.907399280610E-001 -2.020510644872E-001 
-0.000000000000E+000 -5.435556569827E-001  7.246722461024E-001 
3 3 ! m1 1 s1 3 ms1 0   m2 1 s2 4 ms2 0   pol 1
 1.454974847770E-006 -8.890479594315E-010  4.794195007202E-013 
 5.409738357667E-002  2.680601219096E-012  1.391616743407E-012 
-5.400563271512E-002 -4.012332741016E-014  2.780239228848E-012 
3 3 ! m1 1 s1 3 ms1 0   m2 1 s2 4 ms2 0   pol 2
-8.906363723166E-002 -5.866274813885E-010  8.735395350633E-013 
 4.461119466830E-002  3.243542840017E-012  2.665239936248E-012 
 4.452918384249E-002  1.708116865999E-012  1.061025989025E-012 
3 3 ! m1 1 s1 3 ms1 0   m2 2 s2 1 ms2 0   pol 0
 0.000000000000E+000 -0.000000000000E+000 -0.000000000000E+000 
-0.000000000000E+000  0.000000000000E+000 -0.000000000000E+000 
-0.000000000000E+000 -0.000000000000E+000 -0.000000000000E+000 
3 3 ! m1 1 s1 3 ms1 0   m2 2 s2 1 ms2 0   pol 1
 0.000000000000E+000 -0.000000000000E+000 -0.000000000000E+000 
-0.000000000000E+000  0.000000000000E+000 -0.000000000000E+000 
-0.000000000000E+000 -0.000000000000E+000 -0.000000000000E+000 
3 3 ! m1 1 s1 3 ms1 0   m2 2 s2 1 ms2 0   pol 2
 0.000000000000E+000 -0.000000000000E+000 -0.000000000000E+000 
-0.000000000000E+000  0.000000000000E+000 -0.000000000000E+000 
-0.000000000000E+000 -0.000000000000E+000 -0.000000000000E+000 
3 3 ! m1 1 s1 3 ms1 0   m2 2 s2 2 ms2 0   pol 0
-0.000000000000E+000 -0.000000000000E+000  0.000000000000E+000 
-0.000000000000E+000 -0.000000000000E+000 -0.000000000000E+000 
 0.000000000000E+000 -0.000000000000E+000 -0.000000000000E+000 
3 3 ! m1 1 s1 3 ms1 0   m2 2 s2 2 ms2 0   pol 1
-0.000000000000E+000 -0.000000000000E+000  0.000000000000E+000 
-0.000000000000E+000 -0.000000000000E+000 -0.000000000000E+000 
 0.000000000000E+000 -0.000000000000E+000 -0.000000000000E+000 
3 3 ! m1 1 s1 3 ms1 0   m2 2 s2 2 ms2 0   pol 2
-0.000000000000E+000 -0.000000000000E+000  0.000000000000E+000 
-0.000000000000E+000 -0.000000000000E+000 -0.000000000000E+000 
 0.000000000000E+000 -0.000000000000E+000 -0.000000000000E+000 
3 3 ! m1 1 s1 3 ms1 0   m2 2 s2 1 ms2 0   pol 0
 0.000000000000E+000 -0.000000000000E+000 -0.000000000000E+000 
-0.000000000000E+000  0.000000000000E+000 -0.000000000000E+000 
-0.000000000000E+000 -0.000000000000E+000 -0.000000000000E+000 
3 3 ! m1 1 s1 3 ms1 0   m2 2 s2 1 ms2 0   pol 1
 0.000000000000E+000 -0.000000000000E+000 -0.000000000000E+000 
-0.000000000000E+000  0.000000000000E+000 -0.000000000000E+000 
-0.000000000000E+000 -0.000000000000E+000 -0.000000000000E+000 
3 3 ! m1 1 s1 3 ms1 0   m2 2 s2 1 ms2 0   pol 2
 0.000000000000E+000 -0.000000000000E+000 -0.000000000000E+000 
-0.000000000000E+000  0.000000000000E+000 -0.000000000000E+000 
-0.000000000000E+000 -0.000000000000E+000 -0.000000000000E+000 
3 3 ! m1 1 s1 3 ms1 0   m2 2 s2 2 ms2 0   pol 0
-0.000000000000E+000 -0.000000000000E+000  0.000000000000E+000 
-0.000000000000E+000 -0.000000000000E+000 -0.000000000000E+000 
 0.000000000000E+000 -0.000000000000E+000 -0.000000000000E+000 
3 3 ! m1 1 s1 3 ms1 0   m2 2 s2 2 ms2 0   pol 1
-0.000000000000E+000 -0.000000000000E+000  0.000000000000E+000 
-0.000000000000E+000 -0.000000000000E+000 -0.000000000000E+000 
 0.000000000000E+000 -0.000000000000E+000 -0.000000000000E+000 
3 3 ! m1 1 s1 3 ms1 0   m2 2 s2 2 ms2 0   pol 2
-0.000000000000E+000 -0.000000000000E+000  0.000000000000E+000 
-0.000000000000E+000 -0.000000000000E+000 -0.000000000000E+000 
 0.000000000000E+000 -0.000000000000E+000 -0.000000000000E+000 
3 3 ! m1 1 s1 4 ms1 0   m2 1 s2 1 ms2 0   pol 0
 1.005030070548E-001 -6.801804619175E-010 -8.948129193297E-013 
-2.649590507148E-002 -2.267624149986E-012 -7.438241086581E-013 
-7.431535855681E-002 -2.561888135693E-012  1.355438404323E-012 
3 3 ! m1 1 s1 4 ms1 0   m2 1 s2 1 ms2 0   pol 1
-0.000000000000E+000  6.708473379884E-001  4.540536001359E-001 
-0.000000000000E+000 -7.767967834809E-002 -6.709791560317E-001 
-0.000000000000E+000 -7.690261720090E-001  3.033781139680E-001 
3 3 ! m1 1 s1 4 ms1 0   m2 1 s2 1 ms2 0   pol 2
-0.000000000000E+000  3.135112238690E-001 -1.168048042328E+000 
-0.000000000000E+000 -2.623165831446E-001  3.201939250487E-001 
-0.000000000000E+000 -2.295157983093E-001  9.300123718564E-001 
3 3 ! m1 1 s1 4 ms1 0   m2 1 s2 2 ms2 0   pol 0
-0.000000000000E+000  9.331168561118E-001  2.194061322818E-003 
-0.000000000000E+000 -4.698291136440E-001 -7.143780586273E-001 
-0.000000000000E+000 -7.376468629980E-001  8.152950050302E-001 
3 3 ! m1 1 s1 4 ms1 0   m2 1 s2 2 ms2 0   pol 1
-3.600796069110E-006  6.492530661647E-010 -8.741885226252E-013 
-3.335707523440E-002 -1.488695988591E-012 -1.003393449791E-012 
 3.347456924433E-002 -1.314522018870E-012 -2.343891544966E-013 
3 3 ! m1 1 s1 4 ms1 0   m2 1 s2 2 ms2 0   pol 2
 5.511002608365E-002 -9.521315977394E-011  3.494380450245E-013 
-2.749484876800E-002 -8.613552059671E-013 -4.139079546769E-013 
-2.762707983407E-002  1.483236046212E-012 -2.702837709855E-012 
3 3 ! m1 1 s1 4 ms1 0   m2 1 s2 3 ms2 0   pol 0
-0.000000000000E+000  6.142229739469E-001 -4.686281327342E-001 
-0.000000000000E+000 -1.907399280610E-001 -2.020510644872E-001 
-0.000000000000E+000 -5.435556569827E-001  7.246722461024E-001 
3 3 ! m1 1 s1 4 ms1 0   m2 1 s2 3 ms2 0   pol 1
 1.454974847770E-006 -8.890479594315E-010  4.794195007202E-013 
 5.409738357667E-002  2.680601219096E-012  1.391616743407E-012 
-5.400563271512E-002 -4.012332741016E-014  2.780239228848E-012 
3 3 ! m1 1 s1 4 ms1 0   m2 1 s2 3 ms2 0   pol 2
-8.906363723166E-002 -5.866274813885E-010  8.735395350633E-013 
 4.461119466830E-002  3.243542840017E-012  2.665239936248E-012 
 4.452918384249E-002  1.708116865999E-012  1.061025989025E-012 
3 3 ! m1 1 s1 4 ms1 0   m2 1 s2 4 ms2 0   pol 0
 3.962229025571E-002  6.072589187349E-010 -6.996886019683E-012 
 1.848435130425E-001 -9.851299937497E-012 -3.583299734813E-012 
-2.249658950776E-001 -7.396871917263E-012  7.410563134031E-013 
3 3 ! m1 1 s1 4 ms1 0   m2 1 s2 4 ms2 0   pol 1
-0.000000000000E+000  5.630720168012E-001 -4.147998034895E-001 
-0.000000000000E+000 -1.199941473458E-001 -5.435198184561E-001 
-0.000000000000E+000 -1.317190897675E+000  1.449413774731E+000 
3 3 ! m1 1 s1 4 ms1 0   m2 1 s2 4 ms2 0   pol 2
-0.000000000000E+000  5.618039071164E-001 -6.435014997021E-001 
-0.000000000000E+000 -1.243129385162E-001  1.677202298936E-001 
-0.000000000000E+000 -4.594628826604E-001  4.895223350700E-001 
3 3 ! m1 1 s1 4 ms1 0   m2 2 s2 1 ms2 0   pol 0
-0.000000000000E+000 -0.000000000000E+000 -0.000000000000E+000 
 0.000000000000E+000 -0.000000000000E+000 -0.000000000000E+000 
 0.000000000000E+000 -0.000000000000E+000 -0.000000000000E+000 
3 3 ! m1 1 s1 4 ms1 0   m2 2 s2 1 ms2 0   pol 1
-0.000000000000E+000 -0.000000000000E+000 -0.000000000000E+000 
 0.000000000000E+000 -0.000000000000E+000 -0.000000000000E+000 
 0.000000000000E+000 -0.000000000000E+000 -0.000000000000E+000 
3 3 ! m1 1 s1 4 ms1 0   m2 2 s2 1 ms2 0   pol 2
-0.000000000000E+000 -0.000000000000E+000 -0.000000000000E+000 
 0.000000000000E+000 -0.000000000000E+000 -0.000000000000E+000 
 0.000000000000E+000 -0.000000000000E+000 -0.000000000000E+000 
3 3 ! m1 1 s1 4 ms1 0   m2 2 s2 2 ms2 0   pol 0
-0.000000000000E+000 -0.000000000000E+000 -0.000000000000E+000 
 0.000000000000E+000 -0.000000000000E+000 -0.000000000000E+000 
-0.000000000000E+000 -0.000000000000E+000  0.000000000000E+000 
3 3 ! m1 1 s1 4 ms1 0   m2 2 s2 2 ms2 0   pol 1
-0.000000000000E+000 -0.000000000000E+000 -0.000000000000E+000 
 0.000000000000E+000 -0.000000000000E+000 -0.000000000000E+000 
-0.000000000000E+000 -0.000000000000E+000  0.000000000000E+000 
3 3 ! m1 1 s1 4 ms1 0   m2 2 s2 2 ms2 0   pol 2
-0.000000000000E+000 -0.000000000000E+000 -0.000000000000E+000 
 0.000000000000E+000 -0.000000000000E+000 -0.000000000000E+000 
-0.000000000000E+000 -0.000000000000E+000  0.000000000000E+000 
3 3 ! m1 1 s1 4 ms1 0   m2 2 s2 1 ms2 0   pol 0
-0.000000000000E+000 -0.000000000000E+000 -0.000000000000E+000 
 0.000000000000E+000 -0.000000000000E+000 -0.000000000000E+000 
 0.000000000000E+000 -0.000000000000E+000 -0.000000000000E+000 
3 3 ! m1 1 s1 4 ms1 0   m2 2 s2 1 ms2 0   pol 1
-0.000000000000E+000 -0.000000000000E+000 -0.000000000000E+000 
 0.000000000000E+000 -0.000000000000E+000 -0.000000000000E+000 
 0.000000000000E+000 -0.000000000000E+000 -0.000000000000E+000 
3 3 ! m1 1 s1 4 ms1 0   m2 2 s2 1 ms2 0   pol 2
-0.000000000000E+000 -0.000000000000E+000 -0.000000000000E+000 
 0.000000000000E+000 -0.000000000000E+000 -0.000000000000E+000 
 0.000000000000E+000 -0.000000000000E+000 -0.000000000000E+000 
3 3 ! m1 1 s1 4 ms1 0   m2 2 s2 2 ms2 0   pol 0
-0.000000000000E+000 -0.000000000000E+000 -0.000000000000E+000 
 0.000000000000E+000 -0.000000000000E+000 -0.000000000000E+000 
-0.000000000000E+000 -0.000000000000E+000  0.000000000000E+000 
3 3 ! m1 1 s1 4 ms1 0   m2 2 s2 2 ms2 0   pol 1
-0.000000000000E+000 -0.000000000000E+000 -0.000000000000E+000 
 0.000000000000E+000 -0.000000000000E+000 -0.000000000000E+000 
-0.000000000000E+000 -0.000000000000E+000  0.000000000000E+000 
3 3 ! m1 1 s1 4 ms1 0   m2 2 s2 2 ms2 0   pol 2
-0.000000000000E+000 -0.000000000000E+000 -0.000000000000E+000 
 0.000000000000E+000 -0.000000000000E+000 -0.000000000000E+000 
-0.000000000000E+000 -0.000000000000E+000  0.000000000000E+000 
3 3 ! m1 2 s1 1 ms1 0   m2 1 s2 1 ms2 0   pol 0
 0.000000000000E+000  0.000000000000E+000 -0.000000000000E+000 
-0.000000000000E+000  0.000000000000E+000 -0.000000000000E+000 
-0.000000000000E+000 -0.000000000000E+000 -0.000000000000E+000 
3 3 ! m1 2 s1 1 ms1 0   m2 1 s2 1 ms2 0   pol 1
 0.000000000000E+000  0.000000000000E+000 -0.000000000000E+000 
-0.000000000000E+000  0.000000000000E+000 -0.000000000000E+000 
-0.000000000000E+000 -0.000000000000E+000 -0.000000000000E+000 
3 3 ! m1 2 s1 1 ms1 0   m2 1 s2 1 ms2 0   pol 2
 0.000000000000E+000  0.000000000000E+000 -0.000000000000E+000 
-0.000000000000E+000  0.000000000000E+000 -0.000000000000E+000 
-0.000000000000E+000 -0.000000000000E+000 -0.000000000000E+000 
3 3 ! m1 2 s1 1 ms1 0   m2 1 s2 2 ms2 0   pol 0
 0.000000000000E+000 -0.000000000000E+000 -0.000000000000E+000 
 0.000000000000E+000 -0.000000000000E+000 -0.000000000000E+000 
 0.000000000000E+000 -0.000000000000E+000 -0.000000000000E+000 
3 3 ! m1 2 s1 1 ms1 0   m2 1 s2 2 ms2 0   pol 1
 0.000000000000E+000 -0.000000000000E+000 -0.000000000000E+000 
 0.000000000000E+000 -0.000000000000E+000 -0.000000000000E+000 
 0.000000000000E+000 -0.000000000000E+000 -0.000000000000E+000 
3 3 ! m1 2 s1 1 ms1 0   m2 1 s2 2 ms2 0   pol 2
 0.000000000000E+000 -0.000000000000E+000 -0.000000000000E+000 
 0.000000000000E+000 -0.000000000000E+000 -0.000000000000E+000 
 0.000000000000E+000 -0.000000000000E+000 -0.000000000000E+000 
3 3 ! m1 2 s1 1 ms1 0   m2 1 s2 3 ms2 0   pol 0
 0.000000000000E+000 -0.000000000000E+000 -0.000000000000E+000 
-0.000000000000E+000  0.000000000000E+000 -0.000000000000E+000 
-0.000000000000E+000 -0.000000000000E+000 -0.000000000000E+000 
3 3 ! m1 2 s1 1 ms1 0   m2 1 s2 3 ms2 0   pol 1
 0.000000000000E+000 -0.000000000000E+000 -0.000000000000E+000 
-0.000000000000E+000  0.000000000000E+000 -0.000000000000E+000 
-0.000000000000E+000 -0.000000000000E+000 -0.000000000000E+000 
3 3 ! m1 2 s1 1 ms1 0   m2 1 s2 3 ms2 0   pol 2
 0.000000000000E+000 -0.000000000000E+000 -0.000000000000E+000 
-0.000000000000E+000  0.000000000000E+000 -0.000000000000E+000 
-0.000000000000E+000 -0.000000000000E+000 -0.000000000000E+000 
3 3 ! m1 2 s1 1 ms1 0   m2 1 s2 4 ms2 0   pol 0
-0.000000000000E+000 -0.000000000000E+000 -0.000000000000E+000 
 0.000000000000E+000 -0.000000000000E+000 -0.000000000000E+000 
 0.000000000000E+000 -0.000000000000E+000 -0.000000000000E+000 
3 3 ! m1 2 s1 1 ms1 0   m2 1 s2 4 ms2 0   pol 1
-0.000000000000E+000 -0.000000000000E+000 -0.000000000000E+000 
 0.000000000000E+000 -0.000000000000E+000 -0.000000000000E+000 
 0.000000000000E+000 -0.000000000000E+000 -0.000000000000E+000 
3 3 ! m1 2 s1 1 ms1 0   m2 1 s2 4 ms2 0   pol 2
-0.000000000000E+000 -0.000000000000E+000 -0.000000000000E+000 
 0.000000000000E+000 -0.000000000000E+000 -0.000000000000E+000 
 0.000000000000E+000 -0.000000000000E+000 -0.000000000000E+000 
3 3 ! m1 2 s1 1 ms1 0   m2 2 s2 1 ms2 0   pol 0
 5.423190783219E-001  9.045721509787E-013 -6.589045147877E-013 
 2.291312130826E-001  6.631215941293E-013  6.275923107388E-013 
 2.291312264443E-001  1.501611351794E-012  1.471482184256E-012 
3 3 ! m1 2 s1 1 ms1 0   m2 2 s2 1 ms2 0   pol 1
 2.027674778250E-011  5.871137731258E-001  2.633045567329E-007 
 1.854766124504E-010  2.069736348166E-001 -2.642199887248E-002 
 2.857556938560E-011  2.069732728594E-001  2.642160430472E-002 
3 3 ! m1 2 s1 1 ms1 0   m2 2 s2 1 ms2 0   pol 2
-0.000000000000E+000 -1.322943048835E-007  6.320379364261E-001 
-0.000000000000E+000  7.818381621641E-002  1.832090881064E-001 
-0.000000000000E+000 -7.818394851071E-002  1.832094849893E-001 
3 3 ! m1 2 s1 1 ms1 0   m2 2 s2 2 ms2 0   pol 0
-0.000000000000E+000  2.645886053607E-007  1.093878352763E-001 
-0.000000000000E+000 -8.189707916485E-002 -5.923505187435E-002 
-0.000000000000E+000  8.189707916485E-002 -5.923525031580E-002 
3 3 ! m1 2 s1 1 ms1 0   m2 2 s2 2 ms2 0   pol 1
 3.337225904841E-009 -6.750494006037E-013  3.445075964372E-013 
-8.463859243677E-002  5.735457898235E-014  4.679839864823E-013 
 8.463830403519E-002  3.121942076262E-013  3.627692504973E-013 
3 3 ! m1 2 s1 1 ms1 0   m2 2 s2 2 ms2 0   pol 2
 1.386621340962E-001 -3.205585207386E-013 -6.344447005289E-014 
-6.879232846483E-002  4.962233219682E-014 -4.632327636016E-013 
-6.879206440540E-002 -1.861375004191E-012 -8.568474016929E-013 
3 3 ! m1 2 s1 1 ms1 0   m2 2 s2 1 ms2 0   pol 0
-0.000000000000E+000 -0.000000000000E+000 -0.000000000000E+000 
-0.000000000000E+000 -0.000000000000E+000 -0.000000000000E+000 
-0.000000000000E+000 -0.000000000000E+000 -0.000000000000E+000 
3 3 ! m1 2 s1 1 ms1 0   m2 2 s2 1 ms2 0   pol 1
-0.000000000000E+000 -0.000000000000E+000 -0.000000000000E+000 
-0.000000000000E+000 -0.000000000000E+000 -0.000000000000E+000 
-0.000000000000E+000 -0.000000000000E+000 -0.000000000000E+000 
3 3 ! m1 2 s1 1 ms1 0   m2 2 s2 1 ms2 0   pol 2
-0.000000000000E+000 -0.000000000000E+000 -0.000000000000E+000 
-0.000000000000E+000 -0.000000000000E+000 -0.000000000000E+000 
-0.000000000000E+000 -0.000000000000E+000 -0.000000000000E+000 
3 3 ! m1 2 s1 1 ms1 0   m2 2 s2 2 ms2 0   pol 0
 0.000000000000E+000 -0.000000000000E+000 -0.000000000000E+000 
-0.000000000000E+000 -0.000000000000E+000 -0.000000000000E+000 
-0.000000000000E+000 -0.000000000000E+000 -0.000000000000E+000 
3 3 ! m1 2 s1 1 ms1 0   m2 2 s2 2 ms2 0   pol 1
 0.000000000000E+000 -0.000000000000E+000 -0.000000000000E+000 
-0.000000000000E+000 -0.000000000000E+000 -0.000000000000E+000 
-0.000000000000E+000 -0.000000000000E+000 -0.000000000000E+000 
3 3 ! m1 2 s1 1 ms1 0   m2 2 s2 2 ms2 0   pol 2
 0.000000000000E+000 -0.000000000000E+000 -0.000000000000E+000 
-0.000000000000E+000 -0.000000000000E+000 -0.000000000000E+000 
-0.000000000000E+000 -0.000000000000E+000 -0.000000000000E+000 
3 3 ! m1 2 s1 2 ms1 0   m2 1 s2 1 ms2 0   pol 0
-0.000000000000E+000  0.000000000000E+000 -0.000000000000E+000 
-0.000000000000E+000 -0.000000000000E+000 -0.000000000000E+000 
 0.000000000000E+000 -0.000000000000E+000 -0.000000000000E+000 
3 3 ! m1 2 s1 2 ms1 0   m2 1 s2 1 ms2 0   pol 1
-0.000000000000E+000  0.000000000000E+000 -0.000000000000E+000 
-0.000000000000E+000 -0.000000000000E+000 -0.000000000000E+000 
 0.000000000000E+000 -0.000000000000E+000 -0.000000000000E+000 
3 3 ! m1 2 s1 2 ms1 0   m2 1 s2 1 ms2 0   pol 2
-0.000000000000E+000  0.000000000000E+000 -0.000000000000E+000 
-0.000000000000E+000 -0.000000000000E+000 -0.000000000000E+000 
 0.000000000000E+000 -0.000000000000E+000 -0.000000000000E+000 
3 3 ! m1 2 s1 2 ms1 0   m2 1 s2 2 ms2 0   pol 0
-0.000000000000E+000 -0.000000000000E+000 -0.000000000000E+000 
 0.000000000000E+000  0.000000000000E+000 -0.000000000000E+000 
-0.000000000000E+000 -0.000000000000E+000 -0.000000000000E+000 
3 3 ! m1 2 s1 2 ms1 0   m2 1 s2 2 ms2 0   pol 1
-0.000000000000E+000 -0.000000000000E+000 -0.000000000000E+000 
 0.000000000000E+000  0.000000000000E+000 -0.000000000000E+000 
-0.000000000000E+000 -0.000000000000E+000 -0.000000000000E+000 
3 3 ! m1 2 s1 2 ms1 0   m2 1 s2 2 ms2 0   pol 2
-0.000000000000E+000 -0.000000000000E+000 -0.000000000000E+000 
 0.000000000000E+000  0.000000000000E+000 -0.000000000000E+000 
-0.000000000000E+000 -0.000000000000E+000 -0.000000000000E+000 
3 3 ! m1 2 s1 2 ms1 0   m2 1 s2 3 ms2 0   pol 0
-0.000000000000E+000 -0.000000000000E+000  0.000000000000E+000 
-0.000000000000E+000 -0.000000000000E+000 -0.000000000000E+000 
 0.000000000000E+000 -0.000000000000E+000 -0.000000000000E+000 
3 3 ! m1 2 s1 2 ms1 0   m2 1 s2 3 ms2 0   pol 1
-0.000000000000E+000 -0.000000000000E+000  0.000000000000E+000 
-0.000000000000E+000 -0.000000000000E+000 -0.000000000000E+000 
 0.000000000000E+000 -0.000000000000E+000 -0.000000000000E+000 
3 3 ! m1 2 s1 2 ms1 0   m2 1 s2 3 ms2 0   pol 2
-0.000000000000E+000 -0.000000000000E+000  0.000000000000E+000 
-0.000000000000E+000 -0.000000000000E+000 -0.000000000000E+000 
 0.000000000000E+000 -0.000000000000E+000 -0.000000000000E+000 
3 3 ! m1 2 s1 2 ms1 0   m2 1 s2 4 ms2 0   pol 0
-0.000000000000E+000 -0.000000000000E+000 -0.000000000000E+000 
 0.000000000000E+000 -0.000000000000E+000 -0.000000000000E+000 
-0.000000000000E+000 -0.000000000000E+000  0.000000000000E+000 
3 3 ! m1 2 s1 2 ms1 0   m2 1 s2 4 ms2 0   pol 1
-0.000000000000E+000 -0.000000000000E+000 -0.000000000000E+000 
 0.000000000000E+000 -0.000000000000E+000 -0.000000000000E+000 
-0.000000000000E+000 -0.000000000000E+000  0.000000000000E+000 
3 3 ! m1 2 s1 2 ms1 0   m2 1 s2 4 ms2 0   pol 2
-0.000000000000E+000 -0.000000000000E+000 -0.000000000000E+000 
 0.000000000000E+000 -0.000000000000E+000 -0.000000000000E+000 
-0.000000000000E+000 -0.000000000000E+000  0.000000000000E+000 
3 3 ! m1 2 s1 2 ms1 0   m2 2 s2 1 ms2 0   pol 0
-0.000000000000E+000  2.645886053607E-007  1.093878352763E-001 
-0.000000000000E+000 -8.189707916485E-002 -5.923505187435E-002 
-0.000000000000E+000  8.189707916485E-002 -5.923525031580E-002 
3 3 ! m1 2 s1 2 ms1 0   m2 2 s2 1 ms2 0   pol 1
 3.337225904841E-009 -6.750494006037E-013  3.445075964372E-013 
-8.463859243677E-002  5.735457898235E-014  4.679839864823E-013 
 8.463830403519E-002  3.121942076262E-013  3.627692504973E-013 
3 3 ! m1 2 s1 2 ms1 0   m2 2 s2 1 ms2 0   pol 2
 1.386621340962E-001 -3.205585207386E-013 -6.344447005289E-014 
-6.879232846483E-002  4.962233219682E-014 -4.632327636016E-013 
-6.879206440540E-002 -1.861375004191E-012 -8.568474016929E-013 
3 3 ! m1 2 s1 2 ms1 0   m2 2 s2 2 ms2 0   pol 0
 5.456822958370E-001 -9.829848707354E-013 -1.910764278806E-013 
 2.276776020462E-001  7.951133265795E-013  1.363530760831E-012 
 2.276781780556E-001 -3.211180840988E-012 -5.361552724400E-013 
3 3 ! m1 2 s1 2 ms1 0   m2 2 s2 2 ms2 0   pol 1
 1.025545434918E-010 -3.292749234957E-001  3.535620368030E-006 
 1.455237331607E-010  6.715384817913E-001  5.459420358563E-001 
-1.322943022214E-011  6.715355250137E-001 -5.459418096331E-001 
3 3 ! m1 2 s1 2 ms1 0   m2 2 s2 2 ms2 0   pol 2
-0.000000000000E+000 -7.937658175510E-007  2.652013927103E-001 
-0.000000000000E+000  1.199702946830E-001  3.748725759243E-001 
-0.000000000000E+000 -1.199701623887E-001  3.748727082186E-001 
3 3 ! m1 2 s1 2 ms1 0   m2 2 s2 1 ms2 0   pol 0
 0.000000000000E+000 -0.000000000000E+000 -0.000000000000E+000 
-0.000000000000E+000 -0.000000000000E+000 -0.000000000000E+000 
-0.000000000000E+000 -0.000000000000E+000 -0.000000000000E+000 
3 3 ! m1 2 s1 2 ms1 0   m2 2 s2 1 ms2 0   pol 1
 0.000000000000E+000 -0.000000000000E+000 -0.000000000000E+000 
-0.000000000000E+000 -0.000000000000E+000 -0.000000000000E+000 
-0.000000000000E+000 -0.000000000000E+000 -0.000000000000E+000 
3 3 ! m1 2 s1 2 ms1 0   m2 2 s2 1 ms2 0   pol 2
 0.000000000000E+000 -0.000000000000E+000 -0.000000000000E+000 
-0.000000000000E+000 -0.000000000000E+000 -0.000000000000E+000 
-0.000000000000E+000 -0.000000000000E+000 -0.000000000000E+000 
3 3 ! m1 2 s1 2 ms1 0   m2 2 s2 2 ms2 0   pol 0
-0.000000000000E+000 -0.000000000000E+000 -0.000000000000E+000 
-0.000000000000E+000 -0.000000000000E+000 -0.000000000000E+000 
-0.000000000000E+000 -0.000000000000E+000 -0.000000000000E+000 
3 3 ! m1 2 s1 2 ms1 0   m2 2 s2 2 ms2 0   pol 1
-0.000000000000E+000 -0.000000000000E+000 -0.000000000000E+000 
-0.000000000000E+000 -0.000000000000E+000 -0.000000000000E+000 
-0.000000000000E+000 -0.000000000000E+000 -0.000000000000E+000 
3 3 ! m1 2 s1 2 ms1 0   m2 2 s2 2 ms2 0   pol 2
-0.000000000000E+000 -0.000000000000E+000 -0.000000000000E+000 
-0.000000000000E+000 -0.000000000000E+000 -0.000000000000E+000 
-0.000000000000E+000 -0.000000000000E+000 -0.000000000000E+000 
3 3 ! m1 2 s1 1 ms1 0   m2 1 s2 1 ms2 0   pol 0
 0.000000000000E+000  0.000000000000E+000 -0.000000000000E+000 
-0.000000000000E+000  0.000000000000E+000 -0.000000000000E+000 
-0.000000000000E+000 -0.000000000000E+000 -0.000000000000E+000 
3 3 ! m1 2 s1 1 ms1 0   m2 1 s2 1 ms2 0   pol 1
 0.000000000000E+000  0.000000000000E+000 -0.000000000000E+000 
-0.000000000000E+000  0.000000000000E+000 -0.000000000000E+000 
-0.000000000000E+000 -0.000000000000E+000 -0.000000000000E+000 
3 3 ! m1 2 s1 1 ms1 0   m2 1 s2 1 ms2 0   pol 2
 0.000000000000E+000  0.000000000000E+000 -0.000000000000E+000 
-0.000000000000E+000  0.000000000000E+000 -0.000000000000E+000 
-0.000000000000E+000 -0.000000000000E+000 -0.000000000000E+000 
3 3 ! m1 2 s1 1 ms1 0   m2 1 s2 2 ms2 0   pol 0
 0.000000000000E+000 -0.000000000000E+000 -0.000000000000E+000 
 0.000000000000E+000 -0.000000000000E+000 -0.000000000000E+000 
 0.000000000000E+000 -0.000000000000E+000 -0.000000000000E+000 
3 3 ! m1 2 s1 1 ms1 0   m2 1 s2 2 ms2 0   pol 1
 0.000000000000E+000 -0.000000000000E+000 -0.000000000000E+000 
 0.000000000000E+000 -0.000000000000E+000 -0.000000000000E+000 
 0.000000000000E+000 -0.000000000000E+000 -0.000000000000E+000 
3 3 ! m1 2 s1 1 ms1 0   m2 1 s2 2 ms2 0   pol 2
 0.000000000000E+000 -0.000000000000E+000 -0.000000000000E+000 
 0.000000000000E+000 -0.000000000000E+000 -0.000000000000E+000 
 0.000000000000E+000 -0.000000000000E+000 -0.000000000000E+000 
3 3 ! m1 2 s1 1 ms1 0   m2 1 s2 3 ms2 0   pol 0
 0.000000000000E+000 -0.000000000000E+000 -0.000000000000E+000 
-0.000000000000E+000  0.000000000000E+000 -0.000000000000E+000 
-0.000000000000E+000 -0.000000000000E+000 -0.000000000000E+000 
3 3 ! m1 2 s1 1 ms1 0   m2 1 s2 3 ms2 0   pol 1
 0.000000000000E+000 -0.000000000000E+000 -0.000000000000E+000 
-0.000000000000E+000  0.000000000000E+000 -0.000000000000E+000 
-0.000000000000E+000 -0.000000000000E+000 -0.000000000000E+000 
3 3 ! m1 2 s1 1 ms1 0   m2 1 s2 3 ms2 0   pol 2
 0.000000000000E+000 -0.000000000000E+000 -0.000000000000E+000 
-0.000000000000E+000  0.000000000000E+000 -0.000000000000E+000 
-0.000000000000E+000 -0.000000000000E+000 -0.000000000000E+000 
3 3 ! m1 2 s1 1 ms1 0   m2 1 s2 4 ms2 0   pol 0
-0.000000000000E+000 -0.000000000000E+000 -0.000000000000E+000 
 0.000000000000E+000 -0.000000000000E+000 -0.000000000000E+000 
 0.000000000000E+000 -0.000000000000E+000 -0.000000000000E+000 
3 3 ! m1 2 s1 1 ms1 0   m2 1 s2 4 ms2 0   pol 1
-0.000000000000E+000 -0.000000000000E+000 -0.000000000000E+000 
 0.000000000000E+000 -0.000000000000E+000 -0.000000000000E+000 
 0.000000000000E+000 -0.000000000000E+000 -0.000000000000E+000 
3 3 ! m1 2 s1 1 ms1 0   m2 1 s2 4 ms2 0   pol 2
-0.000000000000E+000 -0.000000000000E+000 -0.000000000000E+000 
 0.000000000000E+000 -0.000000000000E+000 -0.000000000000E+000 
 0.000000000000E+000 -0.000000000000E+000 -0.000000000000E+000 
3 3 ! m1 2 s1 1 ms1 0   m2 2 s2 1 ms2 0   pol 0
-0.000000000000E+000 -0.000000000000E+000 -0.000000000000E+000 
-0.000000000000E+000 -0.000000000000E+000 -0.000000000000E+000 
-0.000000000000E+000 -0.000000000000E+000 -0.000000000000E+000 
3 3 ! m1 2 s1 1 ms1 0   m2 2 s2 1 ms2 0   pol 1
-0.000000000000E+000 -0.000000000000E+000 -0.000000000000E+000 
-0.000000000000E+000 -0.000000000000E+000 -0.000000000000E+000 
-0.000000000000E+000 -0.000000000000E+000 -0.000000000000E+000 
3 3 ! m1 2 s1 1 ms1 0   m2 2 s2 1 ms2 0   pol 2
-0.000000000000E+000 -0.000000000000E+000 -0.000000000000E+000 
-0.000000000000E+000 -0.000000000000E+000 -0.000000000000E+000 
-0.000000000000E+000 -0.000000000000E+000 -0.000000000000E+000 
3 3 ! m1 2 s1 1 ms1 0   m2 2 s2 2 ms2 0   pol 0
 0.000000000000E+000 -0.000000000000E+000 -0.000000000000E+000 
-0.000000000000E+000 -0.000000000000E+000 -0.000000000000E+000 
-0.000000000000E+000 -0.000000000000E+000 -0.000000000000E+000 
3 3 ! m1 2 s1 1 ms1 0   m2 2 s2 2 ms2 0   pol 1
 0.000000000000E+000 -0.000000000000E+000 -0.000000000000E+000 
-0.000000000000E+000 -0.000000000000E+000 -0.000000000000E+000 
-0.000000000000E+000 -0.000000000000E+000 -0.000000000000E+000 
3 3 ! m1 2 s1 1 ms1 0   m2 2 s2 2 ms2 0   pol 2
 0.000000000000E+000 -0.000000000000E+000 -0.000000000000E+000 
-0.000000000000E+000 -0.000000000000E+000 -0.000000000000E+000 
-0.000000000000E+000 -0.000000000000E+000 -0.000000000000E+000 
3 3 ! m1 2 s1 1 ms1 0   m2 2 s2 1 ms2 0   pol 0
 5.423190783219E-001  9.045721509787E-013 -6.589045147877E-013 
 2.291312130826E-001  6.631215941293E-013  6.275923107388E-013 
 2.291312264443E-001  1.501611351794E-012  1.471482184256E-012 
3 3 ! m1 2 s1 1 ms1 0   m2 2 s2 1 ms2 0   pol 1
 2.027674778250E-011  5.871137731258E-001  2.633045567329E-007 
 1.854766124504E-010  2.069736348166E-001 -2.642199887248E-002 
 2.857556938560E-011  2.069732728594E-001  2.642160430472E-002 
3 3 ! m1 2 s1 1 ms1 0   m2 2 s2 1 ms2 0   pol 2
-0.000000000000E+000 -1.322943048835E-007  6.320379364261E-001 
-0.000000000000E+000  7.818381621641E-002  1.832090881064E-001 
-0.000000000000E+000 -7.818394851071E-002  1.832094849893E-001 
3 3 ! m1 2 s1 1 ms1 0   m2 2 s2 2 ms2 0   pol 0
-0.000000000000E+000  2.645886053607E-007  1.093878352763E-001 
-0.000000000000E+000 -8.189707916485E-002 -5.923505187435E-002 
-0.000000000000E+000  8.189707916485E-002 -5.923525031580E-002 
3 3 ! m1 2 s1 1 ms1 0   m2 2 s2 2 ms2 0   pol 1
 3.337225904841E-009 -6.750494006037E-013  3.445075964372E-013 
-8.463859243677E-002  5.735457898235E-014  4.679839864823E-013 
 8.463830403519E-002  3.121942076262E-013  3.627692504973E-013 
3 3 ! m1 2 s1 1 ms1 0   m2 2 s2 2 ms2 0   pol 2
 1.386621340962E-001 -3.205585207386E-013 -6.344447005289E-014 
-6.879232846483E-002  4.962233219682E-014 -4.632327636016E-013 
-6.879206440540E-002 -1.861375004191E-012 -8.568474016929E-013 
3 3 ! m1 2 s1 2 ms1 0   m2 1 s2 1 ms2 0   pol 0
-0.000000000000E+000  0.000000000000E+000 -0.000000000000E+000 
-0.000000000000E+000 -0.000000000000E+000 -0.000000000000E+000 
 0.000000000000E+000 -0.000000000000E+000 -0.000000000000E+000 
3 3 ! m1 2 s1 2 ms1 0   m2 1 s2 1 ms2 0   pol 1
-0.000000000000E+000  0.000000000000E+000 -0.000000000000E+000 
-0.000000000000E+000 -0.000000000000E+000 -0.000000000000E+000 
 0.000000000000E+000 -0.000000000000E+000 -0.000000000000E+000 
3 3 ! m1 2 s1 2 ms1 0   m2 1 s2 1 ms2 0   pol 2
-0.000000000000E+000  0.000000000000E+000 -0.000000000000E+000 
-0.000000000000E+000 -0.000000000000E+000 -0.000000000000E+000 
 0.000000000000E+000 -0.000000000000E+000 -0.000000000000E+000 
3 3 ! m1 2 s1 2 ms1 0   m2 1 s2 2 ms2 0   pol 0
-0.000000000000E+000 -0.000000000000E+000 -0.000000000000E+000 
 0.000000000000E+000  0.000000000000E+000 -0.000000000000E+000 
-0.000000000000E+000 -0.000000000000E+000 -0.000000000000E+000 
3 3 ! m1 2 s1 2 ms1 0   m2 1 s2 2 ms2 0   pol 1
-0.000000000000E+000 -0.000000000000E+000 -0.000000000000E+000 
 0.000000000000E+000  0.000000000000E+000 -0.000000000000E+000 
-0.000000000000E+000 -0.000000000000E+000 -0.000000000000E+000 
3 3 ! m1 2 s1 2 ms1 0   m2 1 s2 2 ms2 0   pol 2
-0.000000000000E+000 -0.000000000000E+000 -0.000000000000E+000 
 0.000000000000E+000  0.000000000000E+000 -0.000000000000E+000 
-0.000000000000E+000 -0.000000000000E+000 -0.000000000000E+000 
3 3 ! m1 2 s1 2 ms1 0   m2 1 s2 3 ms2 0   pol 0
-0.000000000000E+000 -0.000000000000E+000  0.000000000000E+000 
-0.000000000000E+000 -0.000000000000E+000 -0.000000000000E+000 
 0.000000000000E+000 -0.000000000000E+000 -0.000000000000E+000 
3 3 ! m1 2 s1 2 ms1 0   m2 1 s2 3 ms2 0   pol 1
-0.000000000000E+000 -0.000000000000E+000  0.000000000000E+000 
-0.000000000000E+000 -0.000000000000E+000 -0.000000000000E+000 
 0.000000000000E+000 -0.000000000000E+000 -0.000000000000E+000 
3 3 ! m1 2 s1 2 ms1 0   m2 1 s2 3 ms2 0   pol 2
-0.000000000000E+000 -0.000000000000E+000  0.000000000000E+000 
-0.000000000000E+000 -0.000000000000E+000 -0.000000000000E+000 
 0.000000000000E+000 -0.000000000000E+000 -0.000000000000E+000 
3 3 ! m1 2 s1 2 ms1 0   m2 1 s2 4 ms2 0   pol 0
-0.000000000000E+000 -0.000000000000E+000 -0.000000000000E+000 
 0.000000000000E+000 -0.000000000000E+000 -0.000000000000E+000 
-0.000000000000E+000 -0.000000000000E+000  0.000000000000E+000 
3 3 ! m1 2 s1 2 ms1 0   m2 1 s2 4 ms2 0   pol 1
-0.000000000000E+000 -0.000000000000E+000 -0.000000000000E+000 
 0.000000000000E+000 -0.000000000000E+000 -0.000000000000E+000 
-0.000000000000E+000 -0.000000000000E+000  0.000000000000E+000 
3 3 ! m1 2 s1 2 ms1 0   m2 1 s2 4 ms2 0   pol 2
-0.000000000000E+000 -0.000000000000E+000 -0.000000000000E+000 
 0.000000000000E+000 -0.000000000000E+000 -0.000000000000E+000 
-0.000000000000E+000 -0.000000000000E+000  0.000000000000E+000 
3 3 ! m1 2 s1 2 ms1 0   m2 2 s2 1 ms2 0   pol 0
 0.000000000000E+000 -0.000000000000E+000 -0.000000000000E+000 
-0.000000000000E+000 -0.000000000000E+000 -0.000000000000E+000 
-0.000000000000E+000 -0.000000000000E+000 -0.000000000000E+000 
3 3 ! m1 2 s1 2 ms1 0   m2 2 s2 1 ms2 0   pol 1
 0.000000000000E+000 -0.000000000000E+000 -0.000000000000E+000 
-0.000000000000E+000 -0.000000000000E+000 -0.000000000000E+000 
-0.000000000000E+000 -0.000000000000E+000 -0.000000000000E+000 
3 3 ! m1 2 s1 2 ms1 0   m2 2 s2 1 ms2 0   pol 2
 0.000000000000E+000 -0.000000000000E+000 -0.000000000000E+000 
-0.000000000000E+000 -0.000000000000E+000 -0.000000000000E+000 
-0.000000000000E+000 -0.000000000000E+000 -0.000000000000E+000 
3 3 ! m1 2 s1 2 ms1 0   m2 2 s2 2 ms2 0   pol 0
-0.000000000000E+000 -0.000000000000E+000 -0.000000000000E+000 
-0.000000000000E+000 -0.000000000000E+000 -0.000000000000E+000 
-0.000000000000E+000 -0.000000000000E+000 -0.000000000000E+000 
3 3 ! m1 2 s1 2 ms1 0   m2 2 s2 2 ms2 0   pol 1
-0.000000000000E+000 -0.000000000000E+000 -0.000000000000E+000 
-0.000000000000E+000 -0.000000000000E+000 -0.000000000000E+000 
-0.000000000000E+000 -0.000000000000E+000 -0.000000000000E+000 
3 3 ! m1 2 s1 2 ms1 0   m2 2 s2 2 ms2 0   pol 2
-0.000000000000E+000 -0.000000000000E+000 -0.000000000000E+000 
-0.000000000000E+000 -0.000000000000E+000 -0.000000000000E+000 
-0.000000000000E+000 -0.000000000000E+000 -0.000000000000E+000 
3 3 ! m1 2 s1 2 ms1 0   m2 2 s2 1 ms2 0   pol 0
-0.000000000000E+000  2.645886053607E-007  1.093878352763E-001 
-0.000000000000E+000 -8.189707916485E-002 -5.923505187435E-002 
-0.000000000000E+000  8.189707916485E-002 -5.923525031580E-002 
3 3 ! m1 2 s1 2 ms1 0   m2 2 s2 1 ms2 0   pol 1
 3.337225904841E-009 -6.750494006037E-013  3.445075964372E-013 
-8.463859243677E-002  5.735457898235E-014  4.679839864823E-013 
 8.463830403519E-002  3.121942076262E-013  3.627692504973E-013 
3 3 ! m1 2 s1 2 ms1 0   m2 2 s2 1 ms2 0   pol 2
 1.386621340962E-001 -3.205585207386E-013 -6.344447005289E-014 
-6.879232846483E-002  4.962233219682E-014 -4.632327636016E-013 
-6.879206440540E-002 -1.861375004191E-012 -8.568474016929E-013 
3 3 ! m1 2 s1 2 ms1 0   m2 2 s2 2 ms2 0   pol 0
 5.456822958370E-001 -9.829848707354E-013 -1.910764278806E-013 
 2.276776020462E-001  7.951133265795E-013  1.363530760831E-012 
 2.276781780556E-001 -3.211180840988E-012 -5.361552724400E-013 
3 3 ! m1 2 s1 2 ms1 0   m2 2 s2 2 ms2 0   pol 1
 1.025545434918E-010 -3.292749234957E-001  3.535620368030E-006 
 1.455237331607E-010  6.715384817913E-001  5.459420358563E-001 
-1.322943022214E-011  6.715355250137E-001 -5.459418096331E-001 
3 3 ! m1 2 s1 2 ms1 0   m2 2 s2 2 ms2 0   pol 2
-0.000000000000E+000 -7.937658175510E-007  2.652013927103E-001 
-0.000000000000E+000  1.199702946830E-001  3.748725759243E-001 
-0.000000000000E+000 -1.199701623887E-001  3.748727082186E-001 
! 11 Property Matrix (8x8, complex)
8 8
 0.000000000000E+000  0.000000000000E+000  0.000000000000E+000  0.000000000000E+000  0.000000000000E+000  0.000000000000E+000  0.000000000000E+000  0.000000000000E+000  9.333051080000E-001  0.000000000000E+000  9.206354925000E-001  0.000000000000E+000  9.333051080000E-001  0.000000000000E+000  9.206354925000E-001  0.000000000000E+000 
 0.000000000000E+000  0.000000000000E+000  0.000000000000E+000  0.000000000000E+000  0.000000000000E+000  0.000000000000E+000  0.000000000000E+000  0.000000000000E+000  4.675928375000E-001  0.000000000000E+000  2.245000000000E-007  0.000000000000E+000  4.675928375000E-001  0.000000000000E+000  2.245000000000E-007  0.000000000000E+000 
 0.000000000000E+000  0.000000000000E+000  0.000000000000E+000  0.000000000000E+000  0.000000000000E+000  0.000000000000E+000  0.000000000000E+000  0.000000000000E+000  4.667526188000E-001  0.000000000000E+000  1.310350000000E-005  0.000000000000E+000  4.667526188000E-001  0.000000000000E+000  1.310350000000E-005  0.000000000000E+000 
 0.000000000000E+000  0.000000000000E+000  0.000000000000E+000  0.000000000000E+000  0.000000000000E+000  0.000000000000E+000  0.000000000000E+000  0.000000000000E+000  4.516820000000E-005  0.000000000000E+000  2.609410087000E-001  0.000000000000E+000  4.516820000000E-005  0.000000000000E+000  2.609410087000E-001  0.000000000000E+000 
 9.333051080000E-001  0.000000000000E+000  4.675928375000E-001  0.000000000000E+000  4.667526188000E-001  0.000000000000E+000  4.516820000000E-005  0.000000000000E+000  0.000000000000E+000  0.000000000000E+000  0.000000000000E+000  0.000000000000E+000  0.000000000000E+000  0.000000000000E+000  0.000000000000E+000  0.000000000000E+000 
 9.206354925000E-001  0.000000000000E+000  2.245000000000E-007  0.000000000000E+000  1.310350000000E-005  0.000000000000E+000  2.609410087000E-001  0.000000000000E+000  0.000000000000E+000  0.000000000000E+000  0.000000000000E+000  0.000000000000E+000  0.000000000000E+000  0.000000000000E+000  0.000000000000E+000  0.000000000000E+000 
 9.333051080000E-001  0.000000000000E+000  4.675928375000E-001  0.000000000000E+000  4.667526188000E-001  0.000000000000E+000  4.516820000000E-005  0.000000000000E+000  0.000000000000E+000  0.000000000000E+000  0.000000000000E+000  0.000000000000E+000  0.000000000000E+000  0.000000000000E+000  0.000000000000E+000  0.000000000000E+000 
 9.206354925000E-001  0.000000000000E+000  2.245000000000E-007  0.000000000000E+000  1.310350000000E-005  0.000000000000E+000  2.609410087000E-001  0.000000000000E+000  0.000000000000E+000  0.000000000000E+000  0.000000000000E+000  0.000000000000E+000  0.000000000000E+000  0.000000000000E+000  0.000000000000E+000  0.000000000000E+000 

! 8 Runtime
 1.904345700E+001
