86      -548.581439317  -548.532426639  -548.459474658  -548.541396696  -548.508480046  -548.468616124
87      -548.586819957  -548.533525782  -548.463968544  -548.542444945  -548.511682576  -548.473628248
88      -548.591917266  -548.534480518  -548.468245167  -548.543352157  -548.514644422  -548.478407161
89      -548.596749936  -548.535298645  -548.472309091  -548.544125815  -548.517379673  -548.482957610
90      -548.601326227  -548.535986333  -548.476160652  -548.544771858  -548.519897641  -548.487279887
91      -548.605658558  -548.536550484  -548.479806753  -548.545297052  -548.522210832  -548.491381758
92      -548.609759341  -548.536996539  -548.483252381  -548.545706429  -548.524328698  -548.495270079
93      -548.613635379  -548.537329343  -548.486500373  -548.546004650  -548.526258770  -548.498948736
94      -548.617299254  -548.537554506  -548.489561354  -548.546197236  -548.528012538  -548.502429902
95      -548.620756574  -548.537676225  -548.492438516  -548.546288108  -548.529596248  -548.505717863
96      -548.624017480  -548.537698169  -548.495138127  -548.546280800  -548.531017124  -548.508820573
97      -548.627088515  -548.537624467  -548.497666912  -548.546179305  -548.532282574  -548.511745578
98      -548.629977743  -548.537458171  -548.500029975  -548.545986491  -548.533398249  -548.514499437
99      -548.632691647  -548.537202758  -548.502234709  -548.545705744  -548.534371178  -548.517090229
100     -548.635235111  -548.536861560  -548.504287137  -548.545340307  -548.535207474  -548.519524614
101     -548.637616162  -548.536436319  -548.506191368  -548.544891784  -548.535910746  -548.521808069
102     -548.639837392  -548.535930491  -548.507953000  -548.544363584  -548.536486820  -548.523946191
103     -548.641906887  -548.535345557  -548.509578799  -548.543757098  -548.536940457  -548.525946932
104     -548.643828004  -548.534683869  -548.511071347  -548.543074634  -548.537274829  -548.527813281
105     -548.645603827  -548.533948195  -548.512437692  -548.542318866  -548.537495712  -548.529552198
106     -548.647241521  -548.533138955  -548.513681856  -548.541490262  -548.537605622  -548.531169024
107     -548.648742119  -548.532259278  -548.514807741  -548.540591813  -548.537608871  -548.532667207
108     -548.650111383  -548.531309732  -548.515820198  -548.539624132  -548.537508352  -548.534052509
109     -548.651353022  -548.530291930  -548.516722709  -548.538588743  -548.537306954  -548.535328639
110     -548.652468086  -548.529208062  -548.517520106  -548.537487925  -548.537008917  -548.536500157
111     -548.653461413  -548.528058772  -548.518215721  -548.536322232  -548.536616253  -548.537570987
112     -548.654336212  -548.526844947  -548.518813404  -548.535092597  -548.536131578  -548.538545297
113     -548.655094561  -548.525568436  -548.519316325  -548.533800914  -548.535557882  -548.539426165
114     -548.655739418  -548.524230058  -548.519728080  -548.532448000  -548.534897440  -548.540217417
115     -548.656272502  -548.522831438  -548.520052074  -548.531035529  -548.534153156  -548.540922184
116     -548.656698155  -548.521372728  -548.520290963  -548.529563606  -548.533326364  -548.541543805
117     -548.657016217  -548.519855863  -548.520448368  -548.528034302  -548.532420457  -548.542085264
118     -548.657231422  -548.518281248  -548.520526701  -548.526448114  -548.531436617  -548.542549473
119     -548.657344117  -548.516649823  -548.520529086  -548.524805981  -548.530377331  -548.542939420
120     -548.657357657  -548.514962529  -548.520458106  -548.523108982  -548.529244361  -548.543257688
121     -548.657272854  -548.513220724  -548.520316486  -548.521358475  -548.528040158  -548.543506865
122     -548.657093550  -548.511424057  -548.520106518  -548.519554245  -548.526765465  -548.543689653
123     -548.656818939  -548.509575961  -548.519831269  -548.517699861  -548.525424444  -548.543808025
124     -548.656453128  -548.507674939  -548.519492614  -548.515793964  -548.524016827  -548.543864724
125     -548.655998521  -548.505722710  -548.519093002  -548.513838363  -548.522544972  -548.543862013
126     -548.655453774  -548.503721485  -548.518635053  -548.511835406  -548.521012184  -548.543801650
127     -548.654823512  -548.501669829  -548.518120476  -548.509783841  -548.519418029  -548.543686117
128     -548.654108456  -548.499571652  -548.517552043  -548.507687715  -548.517766920  -548.543517321
129     -548.653311045  -548.497424973  -548.516931190  -548.505545319  -548.516058151  -548.543297288
130     -548.652431161  -548.495233867  -548.516260670  -548.503360911  -548.514296343  -548.543027726
131     -548.651473623  -548.492997913  -548.515542249  -548.501134161  -548.512481895  -548.542710900
132     -548.650438767  -548.490717400  -548.514777583  -548.498865722  -548.510616282  -548.542348421
133     -548.649327765  -548.488395462  -548.513969077  -548.496559002  -548.508703229  -548.541941921
134     -548.648143508  -548.486032800  -548.513118571  -548.494214929  -548.506744349  -548.541493375
135     -548.646888871  -548.483630057  -548.512227757  -548.491834422  -548.504741197  -548.541004658
