\BOOKMARK [0][-]{chapter.1}{Before you Start}{}% 1
\BOOKMARK [1][-]{section.1.1}{Description of the model system}{chapter.1}% 2
\BOOKMARK [0][-]{chapter.2}{Full Tutorial}{}% 3
\BOOKMARK [1][-]{section.2.1}{Important}{chapter.2}% 4
\BOOKMARK [1][-]{section.2.2}{Optimization and Frequency calculation}{chapter.2}% 5
\BOOKMARK [1][-]{section.2.3}{Sampling initial Conditions from a Wigner distribution}{chapter.2}% 6
\BOOKMARK [1][-]{section.2.4}{Setting up the initial energy calculations}{chapter.2}% 7
\BOOKMARK [2][-]{subsection.2.4.1}{AMS input template}{section.2.4}% 8
\BOOKMARK [2][-]{subsection.2.4.2}{Setup of initial calculations}{section.2.4}% 9
\BOOKMARK [1][-]{section.2.5}{Selection of initial excited states}{chapter.2}% 10
\BOOKMARK [1][-]{section.2.6}{Absorption spectra from Initial conditions files}{chapter.2}% 11
\BOOKMARK [2][-]{subsection.2.6.1}{Example}{section.2.6}% 12
\BOOKMARK [1][-]{section.2.7}{Setting up dynamics simulations}{chapter.2}% 13
\BOOKMARK [1][-]{section.2.8}{Analyzing a single trajectory}{chapter.2}% 14
\BOOKMARK [2][-]{subsection.2.8.1}{Data extraction and plotting}{section.2.8}% 15
\BOOKMARK [2][-]{subsection.2.8.2}{Analyzing internal coordinates}{section.2.8}% 16
\BOOKMARK [1][-]{section.2.9}{Analyzing the Ensemble}{chapter.2}% 17
\BOOKMARK [2][-]{subsection.2.9.1}{Ensemble Diagnostics}{section.2.9}% 18
\BOOKMARK [2][-]{subsection.2.9.2}{Ensemble Populations}{section.2.9}% 19
\BOOKMARK [2][-]{subsection.2.9.3}{Ensemble Populations Flow}{section.2.9}% 20
\BOOKMARK [2][-]{subsection.2.9.4}{Fitting Ensemble Populations including Error Estimation}{section.2.9}% 21
\BOOKMARK [2][-]{subsection.2.9.5}{Hopping Geometries}{section.2.9}% 22
\BOOKMARK [2][-]{subsection.2.9.6}{Optimizing from Hopping Geometries}{section.2.9}% 23
\BOOKMARK [2][-]{subsection.2.9.7}{Essential Dynamics Analysis}{section.2.9}% 24
\BOOKMARK [2][-]{subsection.2.9.8}{Normal Mode Analysis}{section.2.9}% 25
\BOOKMARK [2][-]{subsection.2.9.9}{Ensemble Motion Plots}{section.2.9}% 26
\BOOKMARK [2][-]{subsection.2.9.10}{Transient Spectra}{section.2.9}% 27
\BOOKMARK [1][-]{section.2.10}{Setting up LVC models}{chapter.2}% 28
\BOOKMARK [2][-]{subsection.2.10.1}{Reference potential}{section.2.10}% 29
\BOOKMARK [2][-]{subsection.2.10.2}{Performing the quantum chemistry calculations}{section.2.10}% 30
\BOOKMARK [2][-]{subsection.2.10.3}{Extracting the parameters}{section.2.10}% 31
